 2017-08-22 09:34:46,811 [P4824/D2/T1] INFO  Umbraco.Core.CoreBootManager - Umbraco 7.6.5 application starting on LAPTOP-IALL27PH
 2017-08-22 09:34:46,859 [P4824/D2/T1] INFO  Umbraco.Core.PluginManager - Determining hash of code files on disk
 2017-08-22 09:34:46,888 [P4824/D2/T1] INFO  Umbraco.Core.PluginManager - Hash determined (took 29ms)
 2017-08-22 09:34:46,981 [P4824/D2/T1] INFO  Umbraco.Core.MainDom - Acquiring MainDom...
 2017-08-22 09:34:46,984 [P4824/D2/T1] INFO  Umbraco.Core.MainDom - Acquired MainDom.
 2017-08-22 09:34:46,987 [P4824/D2/T1] INFO  Umbraco.Core.PluginManager - Resolving umbraco.interfaces.IDiscoverable
 2017-08-22 09:34:48,505 [P4824/D2/T1] INFO  Umbraco.Core.PluginManager - Resolved umbraco.interfaces.IDiscoverable (took 1517ms)
 2017-08-22 09:34:48,505 [P4824/D2/T1] INFO  Umbraco.Core.PluginManager - Resolving umbraco.interfaces.IApplicationStartupHandler
 2017-08-22 09:34:48,507 [P4824/D2/T1] INFO  Umbraco.Core.PluginManager - Resolved umbraco.interfaces.IApplicationStartupHandler (took 2ms)
 2017-08-22 09:34:48,604 [P4824/D2/T1] INFO  Umbraco.Core.PluginManager - Resolving umbraco.interfaces.IDiscoverable
 2017-08-22 09:34:48,604 [P4824/D2/T1] INFO  Umbraco.Core.PluginManager - Resolved umbraco.interfaces.IDiscoverable (took 0ms)
 2017-08-22 09:34:48,605 [P4824/D2/T1] INFO  Umbraco.Core.PluginManager - Resolving Umbraco.Core.PropertyEditors.IPropertyEditorValueConverter
 2017-08-22 09:34:48,605 [P4824/D2/T1] INFO  Umbraco.Core.PluginManager - Resolved Umbraco.Core.PropertyEditors.IPropertyEditorValueConverter (took 0ms)
 2017-08-22 09:34:48,606 [P4824/D2/T1] INFO  Umbraco.Core.PluginManager - Resolving umbraco.interfaces.IDiscoverable
 2017-08-22 09:34:48,607 [P4824/D2/T1] INFO  Umbraco.Core.PluginManager - Resolved umbraco.interfaces.IDiscoverable (took 0ms)
 2017-08-22 09:34:48,607 [P4824/D2/T1] INFO  Umbraco.Core.PluginManager - Resolving Umbraco.Core.PropertyEditors.IPropertyValueConverter
 2017-08-22 09:34:48,610 [P4824/D2/T1] INFO  Umbraco.Core.PluginManager - Resolved Umbraco.Core.PropertyEditors.IPropertyValueConverter (took 2ms)
 2017-08-22 09:34:48,634 [P4824/D2/T1] INFO  Umbraco.Core.PluginManager - Resolving umbraco.interfaces.IDiscoverable
 2017-08-22 09:34:48,635 [P4824/D2/T1] INFO  Umbraco.Core.PluginManager - Resolved umbraco.interfaces.IDiscoverable (took 0ms)
 2017-08-22 09:34:48,635 [P4824/D2/T1] INFO  Umbraco.Core.PluginManager - Resolving Umbraco.Web.Mvc.SurfaceController
 2017-08-22 09:34:48,635 [P4824/D2/T1] INFO  Umbraco.Core.PluginManager - Resolved Umbraco.Web.Mvc.SurfaceController (took 0ms)
 2017-08-22 09:34:48,636 [P4824/D2/T1] INFO  Umbraco.Core.PluginManager - Resolving umbraco.interfaces.IDiscoverable
 2017-08-22 09:34:48,636 [P4824/D2/T1] INFO  Umbraco.Core.PluginManager - Resolved umbraco.interfaces.IDiscoverable (took 0ms)
 2017-08-22 09:34:48,637 [P4824/D2/T1] INFO  Umbraco.Core.PluginManager - Resolving Umbraco.Web.WebApi.UmbracoApiController
 2017-08-22 09:34:48,638 [P4824/D2/T1] INFO  Umbraco.Core.PluginManager - Resolved Umbraco.Web.WebApi.UmbracoApiController (took 1ms)
 2017-08-22 09:34:50,969 [P4824/D2/T1] INFO  Umbraco.Core.DatabaseContext - CanConnect = True
 2017-08-22 09:34:51,429 [P4824/D2/T1] INFO  Umbraco.Web.Cache.CacheRefresherEventHandler - Initializing Umbraco internal event handlers for cache refreshing
 2017-08-22 09:34:51,855 [P4824/D2/T1] INFO  Umbraco.Web.Search.ExamineEvents - Initializing Examine and binding to business logic events
 2017-08-22 09:34:52,313 [P4824/D2/T1] INFO  Umbraco.Web.Search.ExamineEvents - Adding examine event handlers for index providers: 3
 2017-08-22 09:34:52,490 [P4824/D2/T1] INFO  Umbraco.Core.CoreBootManager - Umbraco application startup complete (took 5911ms)
 2017-08-22 09:34:55,874 [P4824/D2/T12] INFO  Umbraco.Core.Sync.ApplicationUrlHelper - ApplicationUrl: http://localhost:65026/umbraco (UmbracoModule request)
 2017-08-22 09:34:56,473 [P4824/D2/T12] INFO  umbraco.content - Load Xml from file...
 2017-08-22 09:34:56,491 [P4824/D2/T12] INFO  umbraco.content - Loaded Xml from file.
 2017-08-22 09:34:57,447 [P4824/D2/T12] INFO  Umbraco.Core.PluginManager - Resolving umbraco.interfaces.IDiscoverable
 2017-08-22 09:34:57,448 [P4824/D2/T12] INFO  Umbraco.Core.PluginManager - Resolved umbraco.interfaces.IDiscoverable (took 0ms)
 2017-08-22 09:34:57,448 [P4824/D2/T12] INFO  Umbraco.Core.PluginManager - Resolving Umbraco.Core.PropertyEditors.IParameterEditor
 2017-08-22 09:34:57,449 [P4824/D2/T12] INFO  Umbraco.Core.PluginManager - Resolved Umbraco.Core.PropertyEditors.IParameterEditor (took 1ms)
 2017-08-22 09:35:56,675 [P4824/D2/T5] INFO  umbraco.BusinessLogic.Log - Log scrubbed.  Removed all items older than 2017-08-21 09:35:56
 2017-08-22 09:35:56,839 [P4824/D2/T5] INFO  Umbraco.Core.PluginManager - Resolving umbraco.interfaces.IDiscoverable
 2017-08-22 09:35:56,840 [P4824/D2/T5] INFO  Umbraco.Core.PluginManager - Resolved umbraco.interfaces.IDiscoverable (took 1ms)
 2017-08-22 09:35:56,841 [P4824/D2/T5] INFO  Umbraco.Core.PluginManager - Resolving [Umbraco.Core.Persistence.Mappers.MapperForAttribute]Umbraco.Core.Persistence.Mappers.BaseMapper
 2017-08-22 09:35:56,842 [P4824/D2/T5] INFO  Umbraco.Core.PluginManager - Resolved [Umbraco.Core.Persistence.Mappers.MapperForAttribute]Umbraco.Core.Persistence.Mappers.BaseMapper (took 1ms)
 2017-08-22 10:12:36,279 [P4824/D2/T64] ERROR Umbraco.Core.UmbracoApplicationBase - An unhandled exception occurred
System.Web.HttpCompileException (0x80004005): c:\Users\Elev\Documents\Work - arbejdskomputer\Umbraco\CarouselApplication\CarouselApplication\Views\Home.cshtml(31): error CS0103: The name 'activity' does not exist in the current context
   at System.Web.Compilation.AssemblyBuilder.Compile()
   at System.Web.Compilation.BuildProvidersCompiler.PerformBuild()
   at System.Web.Compilation.BuildManager.CompileWebFile(VirtualPath virtualPath)
   at System.Web.Compilation.BuildManager.GetVPathBuildResultInternal(VirtualPath virtualPath, Boolean noBuild, Boolean allowCrossApp, Boolean allowBuildInPrecompile, Boolean throwIfNotFound, Boolean ensureIsUpToDate)
   at System.Web.Compilation.BuildManager.GetVPathBuildResultWithNoAssert(HttpContext context, VirtualPath virtualPath, Boolean noBuild, Boolean allowCrossApp, Boolean allowBuildInPrecompile, Boolean throwIfNotFound, Boolean ensureIsUpToDate)
   at System.Web.Compilation.BuildManager.GetVirtualPathObjectFactory(VirtualPath virtualPath, HttpContext context, Boolean allowCrossApp, Boolean throwIfNotFound)
   at System.Web.Compilation.BuildManager.GetCompiledType(VirtualPath virtualPath)
   at System.Web.Compilation.BuildManager.GetCompiledType(String virtualPath)
   at System.Web.Mvc.BuildManagerWrapper.System.Web.Mvc.IBuildManager.GetCompiledType(String virtualPath)
   at System.Web.Mvc.BuildManagerCompiledView.Render(ViewContext viewContext, TextWriter writer)
   at Umbraco.Core.Profiling.ProfilingView.Render(ViewContext viewContext, TextWriter writer)
   at System.Web.Mvc.ViewResultBase.ExecuteResult(ControllerContext context)
   at System.Web.Mvc.ControllerActionInvoker.InvokeActionResult(ControllerContext controllerContext, ActionResult actionResult)
   at System.Web.Mvc.ControllerActionInvoker.InvokeActionResultFilterRecursive(IList`1 filters, Int32 filterIndex, ResultExecutingContext preContext, ControllerContext controllerContext, ActionResult actionResult)
   at System.Web.Mvc.ControllerActionInvoker.InvokeActionResultFilterRecursive(IList`1 filters, Int32 filterIndex, ResultExecutingContext preContext, ControllerContext controllerContext, ActionResult actionResult)
   at System.Web.Mvc.ControllerActionInvoker.InvokeActionResultFilterRecursive(IList`1 filters, Int32 filterIndex, ResultExecutingContext preContext, ControllerContext controllerContext, ActionResult actionResult)
   at System.Web.Mvc.ControllerActionInvoker.InvokeActionResultFilterRecursive(IList`1 filters, Int32 filterIndex, ResultExecutingContext preContext, ControllerContext controllerContext, ActionResult actionResult)
   at System.Web.Mvc.ControllerActionInvoker.InvokeActionResultWithFilters(ControllerContext controllerContext, IList`1 filters, ActionResult actionResult)
   at System.Web.Mvc.Async.AsyncControllerActionInvoker.<>c__DisplayClass21.<>c__DisplayClass2b.<BeginInvokeAction>b__1c()
   at System.Web.Mvc.Async.AsyncControllerActionInvoker.<>c__DisplayClass21.<BeginInvokeAction>b__1e(IAsyncResult asyncResult)
   at System.Web.Mvc.Async.AsyncResultWrapper.WrappedAsyncResult`1.CallEndDelegate(IAsyncResult asyncResult)
   at System.Web.Mvc.Async.AsyncResultWrapper.WrappedAsyncResultBase`1.End()
   at System.Web.Mvc.Async.AsyncControllerActionInvoker.EndInvokeAction(IAsyncResult asyncResult)
   at System.Web.Mvc.Controller.<BeginExecuteCore>b__1d(IAsyncResult asyncResult, ExecuteCoreState innerState)
   at System.Web.Mvc.Async.AsyncResultWrapper.WrappedAsyncVoid`1.CallEndDelegate(IAsyncResult asyncResult)
   at System.Web.Mvc.Async.AsyncResultWrapper.WrappedAsyncResultBase`1.End()
   at System.Web.Mvc.Controller.EndExecuteCore(IAsyncResult asyncResult)
   at System.Web.Mvc.Controller.<BeginExecute>b__15(IAsyncResult asyncResult, Controller controller)
   at System.Web.Mvc.Async.AsyncResultWrapper.WrappedAsyncVoid`1.CallEndDelegate(IAsyncResult asyncResult)
   at System.Web.Mvc.Async.AsyncResultWrapper.WrappedAsyncResultBase`1.End()
   at System.Web.Mvc.Controller.EndExecute(IAsyncResult asyncResult)
   at System.Web.Mvc.Controller.System.Web.Mvc.Async.IAsyncController.EndExecute(IAsyncResult asyncResult)
   at System.Web.Mvc.MvcHandler.<BeginProcessRequest>b__5(IAsyncResult asyncResult, ProcessRequestState innerState)
   at System.Web.Mvc.Async.AsyncResultWrapper.WrappedAsyncVoid`1.CallEndDelegate(IAsyncResult asyncResult)
   at System.Web.Mvc.Async.AsyncResultWrapper.WrappedAsyncResultBase`1.End()
   at System.Web.Mvc.MvcHandler.EndProcessRequest(IAsyncResult asyncResult)
   at System.Web.Mvc.MvcHandler.System.Web.IHttpAsyncHandler.EndProcessRequest(IAsyncResult result)
   at System.Web.HttpApplication.CallHandlerExecutionStep.System.Web.HttpApplication.IExecutionStep.Execute()
   at System.Web.HttpApplication.ExecuteStep(IExecutionStep step, Boolean& completedSynchronously)
 2017-08-22 10:17:43,128 [P4824/D2/T77] ERROR Umbraco.Core.UmbracoApplicationBase - An unhandled exception occurred
System.Web.HttpCompileException (0x80004005): c:\Users\Elev\Documents\Work - arbejdskomputer\Umbraco\CarouselApplication\CarouselApplication\Views\Home.cshtml(31): error CS0103: The name 'activity' does not exist in the current context
   at System.Web.Compilation.AssemblyBuilder.Compile()
   at System.Web.Compilation.BuildProvidersCompiler.PerformBuild()
   at System.Web.Compilation.BuildManager.CompileWebFile(VirtualPath virtualPath)
   at System.Web.Compilation.BuildManager.GetVPathBuildResultInternal(VirtualPath virtualPath, Boolean noBuild, Boolean allowCrossApp, Boolean allowBuildInPrecompile, Boolean throwIfNotFound, Boolean ensureIsUpToDate)
   at System.Web.Compilation.BuildManager.GetVPathBuildResultWithNoAssert(HttpContext context, VirtualPath virtualPath, Boolean noBuild, Boolean allowCrossApp, Boolean allowBuildInPrecompile, Boolean throwIfNotFound, Boolean ensureIsUpToDate)
   at System.Web.Compilation.BuildManager.GetVirtualPathObjectFactory(VirtualPath virtualPath, HttpContext context, Boolean allowCrossApp, Boolean throwIfNotFound)
   at System.Web.Compilation.BuildManager.GetCompiledType(VirtualPath virtualPath)
   at System.Web.Compilation.BuildManager.GetCompiledType(String virtualPath)
   at System.Web.Mvc.BuildManagerWrapper.System.Web.Mvc.IBuildManager.GetCompiledType(String virtualPath)
   at System.Web.Mvc.BuildManagerCompiledView.Render(ViewContext viewContext, TextWriter writer)
   at Umbraco.Core.Profiling.ProfilingView.Render(ViewContext viewContext, TextWriter writer)
   at System.Web.Mvc.ViewResultBase.ExecuteResult(ControllerContext context)
   at System.Web.Mvc.ControllerActionInvoker.InvokeActionResult(ControllerContext controllerContext, ActionResult actionResult)
   at System.Web.Mvc.ControllerActionInvoker.InvokeActionResultFilterRecursive(IList`1 filters, Int32 filterIndex, ResultExecutingContext preContext, ControllerContext controllerContext, ActionResult actionResult)
   at System.Web.Mvc.ControllerActionInvoker.InvokeActionResultFilterRecursive(IList`1 filters, Int32 filterIndex, ResultExecutingContext preContext, ControllerContext controllerContext, ActionResult actionResult)
   at System.Web.Mvc.ControllerActionInvoker.InvokeActionResultFilterRecursive(IList`1 filters, Int32 filterIndex, ResultExecutingContext preContext, ControllerContext controllerContext, ActionResult actionResult)
   at System.Web.Mvc.ControllerActionInvoker.InvokeActionResultFilterRecursive(IList`1 filters, Int32 filterIndex, ResultExecutingContext preContext, ControllerContext controllerContext, ActionResult actionResult)
   at System.Web.Mvc.ControllerActionInvoker.InvokeActionResultWithFilters(ControllerContext controllerContext, IList`1 filters, ActionResult actionResult)
   at System.Web.Mvc.Async.AsyncControllerActionInvoker.<>c__DisplayClass21.<>c__DisplayClass2b.<BeginInvokeAction>b__1c()
   at System.Web.Mvc.Async.AsyncControllerActionInvoker.<>c__DisplayClass21.<BeginInvokeAction>b__1e(IAsyncResult asyncResult)
   at System.Web.Mvc.Async.AsyncResultWrapper.WrappedAsyncResult`1.CallEndDelegate(IAsyncResult asyncResult)
   at System.Web.Mvc.Async.AsyncResultWrapper.WrappedAsyncResultBase`1.End()
   at System.Web.Mvc.Async.AsyncControllerActionInvoker.EndInvokeAction(IAsyncResult asyncResult)
   at System.Web.Mvc.Controller.<BeginExecuteCore>b__1d(IAsyncResult asyncResult, ExecuteCoreState innerState)
   at System.Web.Mvc.Async.AsyncResultWrapper.WrappedAsyncVoid`1.CallEndDelegate(IAsyncResult asyncResult)
   at System.Web.Mvc.Async.AsyncResultWrapper.WrappedAsyncResultBase`1.End()
   at System.Web.Mvc.Controller.EndExecuteCore(IAsyncResult asyncResult)
   at System.Web.Mvc.Controller.<BeginExecute>b__15(IAsyncResult asyncResult, Controller controller)
   at System.Web.Mvc.Async.AsyncResultWrapper.WrappedAsyncVoid`1.CallEndDelegate(IAsyncResult asyncResult)
   at System.Web.Mvc.Async.AsyncResultWrapper.WrappedAsyncResultBase`1.End()
   at System.Web.Mvc.Controller.EndExecute(IAsyncResult asyncResult)
   at System.Web.Mvc.Controller.System.Web.Mvc.Async.IAsyncController.EndExecute(IAsyncResult asyncResult)
   at System.Web.Mvc.MvcHandler.<BeginProcessRequest>b__5(IAsyncResult asyncResult, ProcessRequestState innerState)
   at System.Web.Mvc.Async.AsyncResultWrapper.WrappedAsyncVoid`1.CallEndDelegate(IAsyncResult asyncResult)
   at System.Web.Mvc.Async.AsyncResultWrapper.WrappedAsyncResultBase`1.End()
   at System.Web.Mvc.MvcHandler.EndProcessRequest(IAsyncResult asyncResult)
   at System.Web.Mvc.MvcHandler.System.Web.IHttpAsyncHandler.EndProcessRequest(IAsyncResult result)
   at System.Web.HttpApplication.CallHandlerExecutionStep.System.Web.HttpApplication.IExecutionStep.Execute()
   at System.Web.HttpApplication.ExecuteStep(IExecutionStep step, Boolean& completedSynchronously)
 2017-08-22 10:18:46,499 [P4824/D2/T42] ERROR Umbraco.Core.UmbracoApplicationBase - An unhandled exception occurred
System.Web.HttpCompileException (0x80004005): c:\Users\Elev\Documents\Work - arbejdskomputer\Umbraco\CarouselApplication\CarouselApplication\Views\Home.cshtml(32): error CS0135: 'item' conflicts with the declaration 'umbraco.item'
   at System.Web.Compilation.AssemblyBuilder.Compile()
   at System.Web.Compilation.BuildProvidersCompiler.PerformBuild()
   at System.Web.Compilation.BuildManager.CompileWebFile(VirtualPath virtualPath)
   at System.Web.Compilation.BuildManager.GetVPathBuildResultInternal(VirtualPath virtualPath, Boolean noBuild, Boolean allowCrossApp, Boolean allowBuildInPrecompile, Boolean throwIfNotFound, Boolean ensureIsUpToDate)
   at System.Web.Compilation.BuildManager.GetVPathBuildResultWithNoAssert(HttpContext context, VirtualPath virtualPath, Boolean noBuild, Boolean allowCrossApp, Boolean allowBuildInPrecompile, Boolean throwIfNotFound, Boolean ensureIsUpToDate)
   at System.Web.Compilation.BuildManager.GetVirtualPathObjectFactory(VirtualPath virtualPath, HttpContext context, Boolean allowCrossApp, Boolean throwIfNotFound)
   at System.Web.Compilation.BuildManager.GetCompiledType(VirtualPath virtualPath)
   at System.Web.Compilation.BuildManager.GetCompiledType(String virtualPath)
   at System.Web.Mvc.BuildManagerWrapper.System.Web.Mvc.IBuildManager.GetCompiledType(String virtualPath)
   at System.Web.Mvc.BuildManagerCompiledView.Render(ViewContext viewContext, TextWriter writer)
   at Umbraco.Core.Profiling.ProfilingView.Render(ViewContext viewContext, TextWriter writer)
   at System.Web.Mvc.ViewResultBase.ExecuteResult(ControllerContext context)
   at System.Web.Mvc.ControllerActionInvoker.InvokeActionResult(ControllerContext controllerContext, ActionResult actionResult)
   at System.Web.Mvc.ControllerActionInvoker.InvokeActionResultFilterRecursive(IList`1 filters, Int32 filterIndex, ResultExecutingContext preContext, ControllerContext controllerContext, ActionResult actionResult)
   at System.Web.Mvc.ControllerActionInvoker.InvokeActionResultFilterRecursive(IList`1 filters, Int32 filterIndex, ResultExecutingContext preContext, ControllerContext controllerContext, ActionResult actionResult)
   at System.Web.Mvc.ControllerActionInvoker.InvokeActionResultFilterRecursive(IList`1 filters, Int32 filterIndex, ResultExecutingContext preContext, ControllerContext controllerContext, ActionResult actionResult)
   at System.Web.Mvc.ControllerActionInvoker.InvokeActionResultFilterRecursive(IList`1 filters, Int32 filterIndex, ResultExecutingContext preContext, ControllerContext controllerContext, ActionResult actionResult)
   at System.Web.Mvc.ControllerActionInvoker.InvokeActionResultWithFilters(ControllerContext controllerContext, IList`1 filters, ActionResult actionResult)
   at System.Web.Mvc.Async.AsyncControllerActionInvoker.<>c__DisplayClass21.<>c__DisplayClass2b.<BeginInvokeAction>b__1c()
   at System.Web.Mvc.Async.AsyncControllerActionInvoker.<>c__DisplayClass21.<BeginInvokeAction>b__1e(IAsyncResult asyncResult)
   at System.Web.Mvc.Async.AsyncResultWrapper.WrappedAsyncResult`1.CallEndDelegate(IAsyncResult asyncResult)
   at System.Web.Mvc.Async.AsyncResultWrapper.WrappedAsyncResultBase`1.End()
   at System.Web.Mvc.Async.AsyncControllerActionInvoker.EndInvokeAction(IAsyncResult asyncResult)
   at System.Web.Mvc.Controller.<BeginExecuteCore>b__1d(IAsyncResult asyncResult, ExecuteCoreState innerState)
   at System.Web.Mvc.Async.AsyncResultWrapper.WrappedAsyncVoid`1.CallEndDelegate(IAsyncResult asyncResult)
   at System.Web.Mvc.Async.AsyncResultWrapper.WrappedAsyncResultBase`1.End()
   at System.Web.Mvc.Controller.EndExecuteCore(IAsyncResult asyncResult)
   at System.Web.Mvc.Controller.<BeginExecute>b__15(IAsyncResult asyncResult, Controller controller)
   at System.Web.Mvc.Async.AsyncResultWrapper.WrappedAsyncVoid`1.CallEndDelegate(IAsyncResult asyncResult)
   at System.Web.Mvc.Async.AsyncResultWrapper.WrappedAsyncResultBase`1.End()
   at System.Web.Mvc.Controller.EndExecute(IAsyncResult asyncResult)
   at System.Web.Mvc.Controller.System.Web.Mvc.Async.IAsyncController.EndExecute(IAsyncResult asyncResult)
   at System.Web.Mvc.MvcHandler.<BeginProcessRequest>b__5(IAsyncResult asyncResult, ProcessRequestState innerState)
   at System.Web.Mvc.Async.AsyncResultWrapper.WrappedAsyncVoid`1.CallEndDelegate(IAsyncResult asyncResult)
   at System.Web.Mvc.Async.AsyncResultWrapper.WrappedAsyncResultBase`1.End()
   at System.Web.Mvc.MvcHandler.EndProcessRequest(IAsyncResult asyncResult)
   at System.Web.Mvc.MvcHandler.System.Web.IHttpAsyncHandler.EndProcessRequest(IAsyncResult result)
   at System.Web.HttpApplication.CallHandlerExecutionStep.System.Web.HttpApplication.IExecutionStep.Execute()
   at System.Web.HttpApplication.ExecuteStep(IExecutionStep step, Boolean& completedSynchronously)
 2017-08-22 10:19:01,628 [P4824/D2/T43] ERROR Umbraco.Core.UmbracoApplicationBase - An unhandled exception occurred
System.Web.HttpCompileException (0x80004005): c:\Users\Elev\Documents\Work - arbejdskomputer\Umbraco\CarouselApplication\CarouselApplication\Views\Home.cshtml(31): error CS0103: The name 'activity' does not exist in the current context
   at System.Web.Compilation.AssemblyBuilder.Compile()
   at System.Web.Compilation.BuildProvidersCompiler.PerformBuild()
   at System.Web.Compilation.BuildManager.CompileWebFile(VirtualPath virtualPath)
   at System.Web.Compilation.BuildManager.GetVPathBuildResultInternal(VirtualPath virtualPath, Boolean noBuild, Boolean allowCrossApp, Boolean allowBuildInPrecompile, Boolean throwIfNotFound, Boolean ensureIsUpToDate)
   at System.Web.Compilation.BuildManager.GetVPathBuildResultWithNoAssert(HttpContext context, VirtualPath virtualPath, Boolean noBuild, Boolean allowCrossApp, Boolean allowBuildInPrecompile, Boolean throwIfNotFound, Boolean ensureIsUpToDate)
   at System.Web.Compilation.BuildManager.GetVirtualPathObjectFactory(VirtualPath virtualPath, HttpContext context, Boolean allowCrossApp, Boolean throwIfNotFound)
   at System.Web.Compilation.BuildManager.GetCompiledType(VirtualPath virtualPath)
   at System.Web.Compilation.BuildManager.GetCompiledType(String virtualPath)
   at System.Web.Mvc.BuildManagerWrapper.System.Web.Mvc.IBuildManager.GetCompiledType(String virtualPath)
   at System.Web.Mvc.BuildManagerCompiledView.Render(ViewContext viewContext, TextWriter writer)
   at Umbraco.Core.Profiling.ProfilingView.Render(ViewContext viewContext, TextWriter writer)
   at System.Web.Mvc.ViewResultBase.ExecuteResult(ControllerContext context)
   at System.Web.Mvc.ControllerActionInvoker.InvokeActionResult(ControllerContext controllerContext, ActionResult actionResult)
   at System.Web.Mvc.ControllerActionInvoker.InvokeActionResultFilterRecursive(IList`1 filters, Int32 filterIndex, ResultExecutingContext preContext, ControllerContext controllerContext, ActionResult actionResult)
   at System.Web.Mvc.ControllerActionInvoker.InvokeActionResultFilterRecursive(IList`1 filters, Int32 filterIndex, ResultExecutingContext preContext, ControllerContext controllerContext, ActionResult actionResult)
   at System.Web.Mvc.ControllerActionInvoker.InvokeActionResultFilterRecursive(IList`1 filters, Int32 filterIndex, ResultExecutingContext preContext, ControllerContext controllerContext, ActionResult actionResult)
   at System.Web.Mvc.ControllerActionInvoker.InvokeActionResultFilterRecursive(IList`1 filters, Int32 filterIndex, ResultExecutingContext preContext, ControllerContext controllerContext, ActionResult actionResult)
   at System.Web.Mvc.ControllerActionInvoker.InvokeActionResultWithFilters(ControllerContext controllerContext, IList`1 filters, ActionResult actionResult)
   at System.Web.Mvc.Async.AsyncControllerActionInvoker.<>c__DisplayClass21.<>c__DisplayClass2b.<BeginInvokeAction>b__1c()
   at System.Web.Mvc.Async.AsyncControllerActionInvoker.<>c__DisplayClass21.<BeginInvokeAction>b__1e(IAsyncResult asyncResult)
   at System.Web.Mvc.Async.AsyncResultWrapper.WrappedAsyncResult`1.CallEndDelegate(IAsyncResult asyncResult)
   at System.Web.Mvc.Async.AsyncResultWrapper.WrappedAsyncResultBase`1.End()
   at System.Web.Mvc.Async.AsyncControllerActionInvoker.EndInvokeAction(IAsyncResult asyncResult)
   at System.Web.Mvc.Controller.<BeginExecuteCore>b__1d(IAsyncResult asyncResult, ExecuteCoreState innerState)
   at System.Web.Mvc.Async.AsyncResultWrapper.WrappedAsyncVoid`1.CallEndDelegate(IAsyncResult asyncResult)
   at System.Web.Mvc.Async.AsyncResultWrapper.WrappedAsyncResultBase`1.End()
   at System.Web.Mvc.Controller.EndExecuteCore(IAsyncResult asyncResult)
   at System.Web.Mvc.Controller.<BeginExecute>b__15(IAsyncResult asyncResult, Controller controller)
   at System.Web.Mvc.Async.AsyncResultWrapper.WrappedAsyncVoid`1.CallEndDelegate(IAsyncResult asyncResult)
   at System.Web.Mvc.Async.AsyncResultWrapper.WrappedAsyncResultBase`1.End()
   at System.Web.Mvc.Controller.EndExecute(IAsyncResult asyncResult)
   at System.Web.Mvc.Controller.System.Web.Mvc.Async.IAsyncController.EndExecute(IAsyncResult asyncResult)
   at System.Web.Mvc.MvcHandler.<BeginProcessRequest>b__5(IAsyncResult asyncResult, ProcessRequestState innerState)
   at System.Web.Mvc.Async.AsyncResultWrapper.WrappedAsyncVoid`1.CallEndDelegate(IAsyncResult asyncResult)
   at System.Web.Mvc.Async.AsyncResultWrapper.WrappedAsyncResultBase`1.End()
   at System.Web.Mvc.MvcHandler.EndProcessRequest(IAsyncResult asyncResult)
   at System.Web.Mvc.MvcHandler.System.Web.IHttpAsyncHandler.EndProcessRequest(IAsyncResult result)
   at System.Web.HttpApplication.CallHandlerExecutionStep.System.Web.HttpApplication.IExecutionStep.Execute()
   at System.Web.HttpApplication.ExecuteStep(IExecutionStep step, Boolean& completedSynchronously)
 2017-08-22 10:27:19,142 [P4824/D2/T42] ERROR Umbraco.Core.UmbracoApplicationBase - An unhandled exception occurred
System.Web.HttpCompileException (0x80004005): c:\Users\Elev\Documents\Work - arbejdskomputer\Umbraco\CarouselApplication\CarouselApplication\Views\Home.cshtml(33): error CS0135: 'item' conflicts with the declaration 'umbraco.item'
   at System.Web.Compilation.AssemblyBuilder.Compile()
   at System.Web.Compilation.BuildProvidersCompiler.PerformBuild()
   at System.Web.Compilation.BuildManager.CompileWebFile(VirtualPath virtualPath)
   at System.Web.Compilation.BuildManager.GetVPathBuildResultInternal(VirtualPath virtualPath, Boolean noBuild, Boolean allowCrossApp, Boolean allowBuildInPrecompile, Boolean throwIfNotFound, Boolean ensureIsUpToDate)
   at System.Web.Compilation.BuildManager.GetVPathBuildResultWithNoAssert(HttpContext context, VirtualPath virtualPath, Boolean noBuild, Boolean allowCrossApp, Boolean allowBuildInPrecompile, Boolean throwIfNotFound, Boolean ensureIsUpToDate)
   at System.Web.Compilation.BuildManager.GetVirtualPathObjectFactory(VirtualPath virtualPath, HttpContext context, Boolean allowCrossApp, Boolean throwIfNotFound)
   at System.Web.Compilation.BuildManager.GetCompiledType(VirtualPath virtualPath)
   at System.Web.Compilation.BuildManager.GetCompiledType(String virtualPath)
   at System.Web.Mvc.BuildManagerWrapper.System.Web.Mvc.IBuildManager.GetCompiledType(String virtualPath)
   at System.Web.Mvc.BuildManagerCompiledView.Render(ViewContext viewContext, TextWriter writer)
   at Umbraco.Core.Profiling.ProfilingView.Render(ViewContext viewContext, TextWriter writer)
   at System.Web.Mvc.ViewResultBase.ExecuteResult(ControllerContext context)
   at System.Web.Mvc.ControllerActionInvoker.InvokeActionResult(ControllerContext controllerContext, ActionResult actionResult)
   at System.Web.Mvc.ControllerActionInvoker.InvokeActionResultFilterRecursive(IList`1 filters, Int32 filterIndex, ResultExecutingContext preContext, ControllerContext controllerContext, ActionResult actionResult)
   at System.Web.Mvc.ControllerActionInvoker.InvokeActionResultFilterRecursive(IList`1 filters, Int32 filterIndex, ResultExecutingContext preContext, ControllerContext controllerContext, ActionResult actionResult)
   at System.Web.Mvc.ControllerActionInvoker.InvokeActionResultFilterRecursive(IList`1 filters, Int32 filterIndex, ResultExecutingContext preContext, ControllerContext controllerContext, ActionResult actionResult)
   at System.Web.Mvc.ControllerActionInvoker.InvokeActionResultFilterRecursive(IList`1 filters, Int32 filterIndex, ResultExecutingContext preContext, ControllerContext controllerContext, ActionResult actionResult)
   at System.Web.Mvc.ControllerActionInvoker.InvokeActionResultWithFilters(ControllerContext controllerContext, IList`1 filters, ActionResult actionResult)
   at System.Web.Mvc.Async.AsyncControllerActionInvoker.<>c__DisplayClass21.<>c__DisplayClass2b.<BeginInvokeAction>b__1c()
   at System.Web.Mvc.Async.AsyncControllerActionInvoker.<>c__DisplayClass21.<BeginInvokeAction>b__1e(IAsyncResult asyncResult)
   at System.Web.Mvc.Async.AsyncResultWrapper.WrappedAsyncResult`1.CallEndDelegate(IAsyncResult asyncResult)
   at System.Web.Mvc.Async.AsyncResultWrapper.WrappedAsyncResultBase`1.End()
   at System.Web.Mvc.Async.AsyncControllerActionInvoker.EndInvokeAction(IAsyncResult asyncResult)
   at System.Web.Mvc.Controller.<BeginExecuteCore>b__1d(IAsyncResult asyncResult, ExecuteCoreState innerState)
   at System.Web.Mvc.Async.AsyncResultWrapper.WrappedAsyncVoid`1.CallEndDelegate(IAsyncResult asyncResult)
   at System.Web.Mvc.Async.AsyncResultWrapper.WrappedAsyncResultBase`1.End()
   at System.Web.Mvc.Controller.EndExecuteCore(IAsyncResult asyncResult)
   at System.Web.Mvc.Controller.<BeginExecute>b__15(IAsyncResult asyncResult, Controller controller)
   at System.Web.Mvc.Async.AsyncResultWrapper.WrappedAsyncVoid`1.CallEndDelegate(IAsyncResult asyncResult)
   at System.Web.Mvc.Async.AsyncResultWrapper.WrappedAsyncResultBase`1.End()
   at System.Web.Mvc.Controller.EndExecute(IAsyncResult asyncResult)
   at System.Web.Mvc.Controller.System.Web.Mvc.Async.IAsyncController.EndExecute(IAsyncResult asyncResult)
   at System.Web.Mvc.MvcHandler.<BeginProcessRequest>b__5(IAsyncResult asyncResult, ProcessRequestState innerState)
   at System.Web.Mvc.Async.AsyncResultWrapper.WrappedAsyncVoid`1.CallEndDelegate(IAsyncResult asyncResult)
   at System.Web.Mvc.Async.AsyncResultWrapper.WrappedAsyncResultBase`1.End()
   at System.Web.Mvc.MvcHandler.EndProcessRequest(IAsyncResult asyncResult)
   at System.Web.Mvc.MvcHandler.System.Web.IHttpAsyncHandler.EndProcessRequest(IAsyncResult result)
   at System.Web.HttpApplication.CallHandlerExecutionStep.System.Web.HttpApplication.IExecutionStep.Execute()
   at System.Web.HttpApplication.ExecuteStep(IExecutionStep step, Boolean& completedSynchronously)
 2017-08-22 10:28:27,632 [P4824/D2/T64] ERROR Umbraco.Core.Dynamics.DynamicInstanceHelper - An error occurred finding and executing extension method "Count" for type "Umbraco.Web.Models.DynamicPublishedContent". Types searched for extension methods were Umbraco.Web.Models.DynamicPublishedContent.
System.MissingMethodException: Method 'Umbraco.Web.Models.DynamicPublishedContent.Count' not found.
   at Umbraco.Core.Dynamics.DynamicInstanceHelper.FindAndExecuteExtensionMethod[T](IRuntimeCacheProvider runtimeCache, T thisObject, Object[] args, String name, IEnumerable`1 findMethodsOnTypes)
   at Umbraco.Core.Dynamics.DynamicInstanceHelper.TryInvokeMember[T](IRuntimeCacheProvider runtimeCache, T thisObject, InvokeMemberBinder binder, Object[] args, IEnumerable`1 findExtensionMethodsOnTypes)
 2017-08-22 10:28:27,668 [P4824/D2/T64] ERROR Umbraco.Core.Dynamics.DynamicInstanceHelper - An error occurred finding and executing extension method "Count" for type "Umbraco.Web.Models.DynamicPublishedContent". Types searched for extension methods were Umbraco.Web.Models.DynamicPublishedContent.
System.MissingMethodException: Method 'Umbraco.Web.Models.DynamicPublishedContent.Count' not found.
   at Umbraco.Core.Dynamics.DynamicInstanceHelper.FindAndExecuteExtensionMethod[T](IRuntimeCacheProvider runtimeCache, T thisObject, Object[] args, String name, IEnumerable`1 findMethodsOnTypes)
   at Umbraco.Core.Dynamics.DynamicInstanceHelper.TryInvokeMember[T](IRuntimeCacheProvider runtimeCache, T thisObject, InvokeMemberBinder binder, Object[] args, IEnumerable`1 findExtensionMethodsOnTypes)
 2017-08-22 10:28:27,670 [P4824/D2/T64] ERROR Umbraco.Core.Dynamics.DynamicInstanceHelper - An error occurred finding and executing extension method "Count" for type "Umbraco.Web.Models.DynamicPublishedContent". Types searched for extension methods were Umbraco.Web.Models.DynamicPublishedContent.
System.MissingMethodException: Method 'Umbraco.Web.Models.DynamicPublishedContent.Count' not found.
   at Umbraco.Core.Dynamics.DynamicInstanceHelper.FindAndExecuteExtensionMethod[T](IRuntimeCacheProvider runtimeCache, T thisObject, Object[] args, String name, IEnumerable`1 findMethodsOnTypes)
   at Umbraco.Core.Dynamics.DynamicInstanceHelper.TryInvokeMember[T](IRuntimeCacheProvider runtimeCache, T thisObject, InvokeMemberBinder binder, Object[] args, IEnumerable`1 findExtensionMethodsOnTypes)
 2017-08-22 10:28:27,672 [P4824/D2/T64] ERROR Umbraco.Core.Dynamics.DynamicInstanceHelper - An error occurred finding and executing extension method "Count" for type "Umbraco.Web.Models.DynamicPublishedContent". Types searched for extension methods were Umbraco.Web.Models.DynamicPublishedContent.
System.MissingMethodException: Method 'Umbraco.Web.Models.DynamicPublishedContent.Count' not found.
   at Umbraco.Core.Dynamics.DynamicInstanceHelper.FindAndExecuteExtensionMethod[T](IRuntimeCacheProvider runtimeCache, T thisObject, Object[] args, String name, IEnumerable`1 findMethodsOnTypes)
   at Umbraco.Core.Dynamics.DynamicInstanceHelper.TryInvokeMember[T](IRuntimeCacheProvider runtimeCache, T thisObject, InvokeMemberBinder binder, Object[] args, IEnumerable`1 findExtensionMethodsOnTypes)
 2017-08-22 10:33:29,709 [P4824/D2/T76] ERROR Umbraco.Core.Dynamics.DynamicInstanceHelper - An error occurred finding and executing extension method "Count" for type "Umbraco.Web.Models.DynamicPublishedContent". Types searched for extension methods were Umbraco.Web.Models.DynamicPublishedContent.
System.MissingMethodException: Method 'Umbraco.Web.Models.DynamicPublishedContent.Count' not found.
   at Umbraco.Core.Dynamics.DynamicInstanceHelper.FindAndExecuteExtensionMethod[T](IRuntimeCacheProvider runtimeCache, T thisObject, Object[] args, String name, IEnumerable`1 findMethodsOnTypes)
   at Umbraco.Core.Dynamics.DynamicInstanceHelper.TryInvokeMember[T](IRuntimeCacheProvider runtimeCache, T thisObject, InvokeMemberBinder binder, Object[] args, IEnumerable`1 findExtensionMethodsOnTypes)
 2017-08-22 10:33:29,737 [P4824/D2/T76] ERROR Umbraco.Core.Dynamics.DynamicInstanceHelper - An error occurred finding and executing extension method "Count" for type "Umbraco.Web.Models.DynamicPublishedContent". Types searched for extension methods were Umbraco.Web.Models.DynamicPublishedContent.
System.MissingMethodException: Method 'Umbraco.Web.Models.DynamicPublishedContent.Count' not found.
   at Umbraco.Core.Dynamics.DynamicInstanceHelper.FindAndExecuteExtensionMethod[T](IRuntimeCacheProvider runtimeCache, T thisObject, Object[] args, String name, IEnumerable`1 findMethodsOnTypes)
   at Umbraco.Core.Dynamics.DynamicInstanceHelper.TryInvokeMember[T](IRuntimeCacheProvider runtimeCache, T thisObject, InvokeMemberBinder binder, Object[] args, IEnumerable`1 findExtensionMethodsOnTypes)
 2017-08-22 10:33:29,738 [P4824/D2/T76] ERROR Umbraco.Core.Dynamics.DynamicInstanceHelper - An error occurred finding and executing extension method "Count" for type "Umbraco.Web.Models.DynamicPublishedContent". Types searched for extension methods were Umbraco.Web.Models.DynamicPublishedContent.
System.MissingMethodException: Method 'Umbraco.Web.Models.DynamicPublishedContent.Count' not found.
   at Umbraco.Core.Dynamics.DynamicInstanceHelper.FindAndExecuteExtensionMethod[T](IRuntimeCacheProvider runtimeCache, T thisObject, Object[] args, String name, IEnumerable`1 findMethodsOnTypes)
   at Umbraco.Core.Dynamics.DynamicInstanceHelper.TryInvokeMember[T](IRuntimeCacheProvider runtimeCache, T thisObject, InvokeMemberBinder binder, Object[] args, IEnumerable`1 findExtensionMethodsOnTypes)
 2017-08-22 10:33:29,740 [P4824/D2/T76] ERROR Umbraco.Core.Dynamics.DynamicInstanceHelper - An error occurred finding and executing extension method "Count" for type "Umbraco.Web.Models.DynamicPublishedContent". Types searched for extension methods were Umbraco.Web.Models.DynamicPublishedContent.
System.MissingMethodException: Method 'Umbraco.Web.Models.DynamicPublishedContent.Count' not found.
   at Umbraco.Core.Dynamics.DynamicInstanceHelper.FindAndExecuteExtensionMethod[T](IRuntimeCacheProvider runtimeCache, T thisObject, Object[] args, String name, IEnumerable`1 findMethodsOnTypes)
   at Umbraco.Core.Dynamics.DynamicInstanceHelper.TryInvokeMember[T](IRuntimeCacheProvider runtimeCache, T thisObject, InvokeMemberBinder binder, Object[] args, IEnumerable`1 findExtensionMethodsOnTypes)
 2017-08-22 10:33:42,719 [P4824/D2/T66] ERROR Umbraco.Core.Dynamics.DynamicInstanceHelper - An error occurred finding and executing extension method "Count" for type "Umbraco.Web.Models.DynamicPublishedContent". Types searched for extension methods were Umbraco.Web.Models.DynamicPublishedContent.
System.MissingMethodException: Method 'Umbraco.Web.Models.DynamicPublishedContent.Count' not found.
   at Umbraco.Core.Dynamics.DynamicInstanceHelper.FindAndExecuteExtensionMethod[T](IRuntimeCacheProvider runtimeCache, T thisObject, Object[] args, String name, IEnumerable`1 findMethodsOnTypes)
   at Umbraco.Core.Dynamics.DynamicInstanceHelper.TryInvokeMember[T](IRuntimeCacheProvider runtimeCache, T thisObject, InvokeMemberBinder binder, Object[] args, IEnumerable`1 findExtensionMethodsOnTypes)
 2017-08-22 10:33:42,721 [P4824/D2/T66] ERROR Umbraco.Core.Dynamics.DynamicInstanceHelper - An error occurred finding and executing extension method "Count" for type "Umbraco.Web.Models.DynamicPublishedContent". Types searched for extension methods were Umbraco.Web.Models.DynamicPublishedContent.
System.MissingMethodException: Method 'Umbraco.Web.Models.DynamicPublishedContent.Count' not found.
   at Umbraco.Core.Dynamics.DynamicInstanceHelper.FindAndExecuteExtensionMethod[T](IRuntimeCacheProvider runtimeCache, T thisObject, Object[] args, String name, IEnumerable`1 findMethodsOnTypes)
   at Umbraco.Core.Dynamics.DynamicInstanceHelper.TryInvokeMember[T](IRuntimeCacheProvider runtimeCache, T thisObject, InvokeMemberBinder binder, Object[] args, IEnumerable`1 findExtensionMethodsOnTypes)
 2017-08-22 10:33:42,723 [P4824/D2/T66] ERROR Umbraco.Core.Dynamics.DynamicInstanceHelper - An error occurred finding and executing extension method "Count" for type "Umbraco.Web.Models.DynamicPublishedContent". Types searched for extension methods were Umbraco.Web.Models.DynamicPublishedContent.
System.MissingMethodException: Method 'Umbraco.Web.Models.DynamicPublishedContent.Count' not found.
   at Umbraco.Core.Dynamics.DynamicInstanceHelper.FindAndExecuteExtensionMethod[T](IRuntimeCacheProvider runtimeCache, T thisObject, Object[] args, String name, IEnumerable`1 findMethodsOnTypes)
   at Umbraco.Core.Dynamics.DynamicInstanceHelper.TryInvokeMember[T](IRuntimeCacheProvider runtimeCache, T thisObject, InvokeMemberBinder binder, Object[] args, IEnumerable`1 findExtensionMethodsOnTypes)
 2017-08-22 10:33:42,725 [P4824/D2/T66] ERROR Umbraco.Core.Dynamics.DynamicInstanceHelper - An error occurred finding and executing extension method "Count" for type "Umbraco.Web.Models.DynamicPublishedContent". Types searched for extension methods were Umbraco.Web.Models.DynamicPublishedContent.
System.MissingMethodException: Method 'Umbraco.Web.Models.DynamicPublishedContent.Count' not found.
   at Umbraco.Core.Dynamics.DynamicInstanceHelper.FindAndExecuteExtensionMethod[T](IRuntimeCacheProvider runtimeCache, T thisObject, Object[] args, String name, IEnumerable`1 findMethodsOnTypes)
   at Umbraco.Core.Dynamics.DynamicInstanceHelper.TryInvokeMember[T](IRuntimeCacheProvider runtimeCache, T thisObject, InvokeMemberBinder binder, Object[] args, IEnumerable`1 findExtensionMethodsOnTypes)
 2017-08-22 10:35:16,032 [P4824/D2/T74] ERROR Umbraco.Core.Dynamics.DynamicInstanceHelper - An error occurred finding and executing extension method "Count" for type "Umbraco.Web.Models.DynamicPublishedContent". Types searched for extension methods were Umbraco.Web.Models.DynamicPublishedContent.
System.MissingMethodException: Method 'Umbraco.Web.Models.DynamicPublishedContent.Count' not found.
   at Umbraco.Core.Dynamics.DynamicInstanceHelper.FindAndExecuteExtensionMethod[T](IRuntimeCacheProvider runtimeCache, T thisObject, Object[] args, String name, IEnumerable`1 findMethodsOnTypes)
   at Umbraco.Core.Dynamics.DynamicInstanceHelper.TryInvokeMember[T](IRuntimeCacheProvider runtimeCache, T thisObject, InvokeMemberBinder binder, Object[] args, IEnumerable`1 findExtensionMethodsOnTypes)
 2017-08-22 10:35:16,033 [P4824/D2/T74] ERROR Umbraco.Core.Dynamics.DynamicInstanceHelper - An error occurred finding and executing extension method "Count" for type "Umbraco.Web.Models.DynamicPublishedContent". Types searched for extension methods were Umbraco.Web.Models.DynamicPublishedContent.
System.MissingMethodException: Method 'Umbraco.Web.Models.DynamicPublishedContent.Count' not found.
   at Umbraco.Core.Dynamics.DynamicInstanceHelper.FindAndExecuteExtensionMethod[T](IRuntimeCacheProvider runtimeCache, T thisObject, Object[] args, String name, IEnumerable`1 findMethodsOnTypes)
   at Umbraco.Core.Dynamics.DynamicInstanceHelper.TryInvokeMember[T](IRuntimeCacheProvider runtimeCache, T thisObject, InvokeMemberBinder binder, Object[] args, IEnumerable`1 findExtensionMethodsOnTypes)
 2017-08-22 10:35:16,034 [P4824/D2/T74] ERROR Umbraco.Core.Dynamics.DynamicInstanceHelper - An error occurred finding and executing extension method "Count" for type "Umbraco.Web.Models.DynamicPublishedContent". Types searched for extension methods were Umbraco.Web.Models.DynamicPublishedContent.
System.MissingMethodException: Method 'Umbraco.Web.Models.DynamicPublishedContent.Count' not found.
   at Umbraco.Core.Dynamics.DynamicInstanceHelper.FindAndExecuteExtensionMethod[T](IRuntimeCacheProvider runtimeCache, T thisObject, Object[] args, String name, IEnumerable`1 findMethodsOnTypes)
   at Umbraco.Core.Dynamics.DynamicInstanceHelper.TryInvokeMember[T](IRuntimeCacheProvider runtimeCache, T thisObject, InvokeMemberBinder binder, Object[] args, IEnumerable`1 findExtensionMethodsOnTypes)
 2017-08-22 10:35:16,036 [P4824/D2/T74] ERROR Umbraco.Core.Dynamics.DynamicInstanceHelper - An error occurred finding and executing extension method "Count" for type "Umbraco.Web.Models.DynamicPublishedContent". Types searched for extension methods were Umbraco.Web.Models.DynamicPublishedContent.
System.MissingMethodException: Method 'Umbraco.Web.Models.DynamicPublishedContent.Count' not found.
   at Umbraco.Core.Dynamics.DynamicInstanceHelper.FindAndExecuteExtensionMethod[T](IRuntimeCacheProvider runtimeCache, T thisObject, Object[] args, String name, IEnumerable`1 findMethodsOnTypes)
   at Umbraco.Core.Dynamics.DynamicInstanceHelper.TryInvokeMember[T](IRuntimeCacheProvider runtimeCache, T thisObject, InvokeMemberBinder binder, Object[] args, IEnumerable`1 findExtensionMethodsOnTypes)
 2017-08-22 10:36:01,962 [P4824/D2/T74] WARN  Umbraco.Web.UmbracoModule - Status code is 404 yet TrySkipIisCustomErrors is false - IIS will take over.
 2017-08-22 10:40:18,349 [P4824/D2/T41] ERROR Umbraco.Core.Dynamics.DynamicInstanceHelper - An error occurred finding and executing extension method "Count" for type "Umbraco.Web.Models.DynamicPublishedContent". Types searched for extension methods were Umbraco.Web.Models.DynamicPublishedContent.
System.MissingMethodException: Method 'Umbraco.Web.Models.DynamicPublishedContent.Count' not found.
   at Umbraco.Core.Dynamics.DynamicInstanceHelper.FindAndExecuteExtensionMethod[T](IRuntimeCacheProvider runtimeCache, T thisObject, Object[] args, String name, IEnumerable`1 findMethodsOnTypes)
   at Umbraco.Core.Dynamics.DynamicInstanceHelper.TryInvokeMember[T](IRuntimeCacheProvider runtimeCache, T thisObject, InvokeMemberBinder binder, Object[] args, IEnumerable`1 findExtensionMethodsOnTypes)
 2017-08-22 10:40:18,374 [P4824/D2/T41] ERROR Umbraco.Core.Dynamics.DynamicInstanceHelper - An error occurred finding and executing extension method "Count" for type "Umbraco.Web.Models.DynamicPublishedContent". Types searched for extension methods were Umbraco.Web.Models.DynamicPublishedContent.
System.MissingMethodException: Method 'Umbraco.Web.Models.DynamicPublishedContent.Count' not found.
   at Umbraco.Core.Dynamics.DynamicInstanceHelper.FindAndExecuteExtensionMethod[T](IRuntimeCacheProvider runtimeCache, T thisObject, Object[] args, String name, IEnumerable`1 findMethodsOnTypes)
   at Umbraco.Core.Dynamics.DynamicInstanceHelper.TryInvokeMember[T](IRuntimeCacheProvider runtimeCache, T thisObject, InvokeMemberBinder binder, Object[] args, IEnumerable`1 findExtensionMethodsOnTypes)
 2017-08-22 10:40:18,375 [P4824/D2/T41] ERROR Umbraco.Core.Dynamics.DynamicInstanceHelper - An error occurred finding and executing extension method "Count" for type "Umbraco.Web.Models.DynamicPublishedContent". Types searched for extension methods were Umbraco.Web.Models.DynamicPublishedContent.
System.MissingMethodException: Method 'Umbraco.Web.Models.DynamicPublishedContent.Count' not found.
   at Umbraco.Core.Dynamics.DynamicInstanceHelper.FindAndExecuteExtensionMethod[T](IRuntimeCacheProvider runtimeCache, T thisObject, Object[] args, String name, IEnumerable`1 findMethodsOnTypes)
   at Umbraco.Core.Dynamics.DynamicInstanceHelper.TryInvokeMember[T](IRuntimeCacheProvider runtimeCache, T thisObject, InvokeMemberBinder binder, Object[] args, IEnumerable`1 findExtensionMethodsOnTypes)
 2017-08-22 10:40:18,377 [P4824/D2/T41] ERROR Umbraco.Core.Dynamics.DynamicInstanceHelper - An error occurred finding and executing extension method "Count" for type "Umbraco.Web.Models.DynamicPublishedContent". Types searched for extension methods were Umbraco.Web.Models.DynamicPublishedContent.
System.MissingMethodException: Method 'Umbraco.Web.Models.DynamicPublishedContent.Count' not found.
   at Umbraco.Core.Dynamics.DynamicInstanceHelper.FindAndExecuteExtensionMethod[T](IRuntimeCacheProvider runtimeCache, T thisObject, Object[] args, String name, IEnumerable`1 findMethodsOnTypes)
   at Umbraco.Core.Dynamics.DynamicInstanceHelper.TryInvokeMember[T](IRuntimeCacheProvider runtimeCache, T thisObject, InvokeMemberBinder binder, Object[] args, IEnumerable`1 findExtensionMethodsOnTypes)
 2017-08-22 10:40:25,857 [P4824/D2/T43] ERROR Umbraco.Core.Dynamics.DynamicInstanceHelper - An error occurred finding and executing extension method "Count" for type "Umbraco.Web.Models.DynamicPublishedContent". Types searched for extension methods were Umbraco.Web.Models.DynamicPublishedContent.
System.MissingMethodException: Method 'Umbraco.Web.Models.DynamicPublishedContent.Count' not found.
   at Umbraco.Core.Dynamics.DynamicInstanceHelper.FindAndExecuteExtensionMethod[T](IRuntimeCacheProvider runtimeCache, T thisObject, Object[] args, String name, IEnumerable`1 findMethodsOnTypes)
   at Umbraco.Core.Dynamics.DynamicInstanceHelper.TryInvokeMember[T](IRuntimeCacheProvider runtimeCache, T thisObject, InvokeMemberBinder binder, Object[] args, IEnumerable`1 findExtensionMethodsOnTypes)
 2017-08-22 10:40:25,859 [P4824/D2/T43] ERROR Umbraco.Core.Dynamics.DynamicInstanceHelper - An error occurred finding and executing extension method "Count" for type "Umbraco.Web.Models.DynamicPublishedContent". Types searched for extension methods were Umbraco.Web.Models.DynamicPublishedContent.
System.MissingMethodException: Method 'Umbraco.Web.Models.DynamicPublishedContent.Count' not found.
   at Umbraco.Core.Dynamics.DynamicInstanceHelper.FindAndExecuteExtensionMethod[T](IRuntimeCacheProvider runtimeCache, T thisObject, Object[] args, String name, IEnumerable`1 findMethodsOnTypes)
   at Umbraco.Core.Dynamics.DynamicInstanceHelper.TryInvokeMember[T](IRuntimeCacheProvider runtimeCache, T thisObject, InvokeMemberBinder binder, Object[] args, IEnumerable`1 findExtensionMethodsOnTypes)
 2017-08-22 10:40:25,871 [P4824/D2/T43] ERROR Umbraco.Core.Dynamics.DynamicInstanceHelper - An error occurred finding and executing extension method "Count" for type "Umbraco.Web.Models.DynamicPublishedContent". Types searched for extension methods were Umbraco.Web.Models.DynamicPublishedContent.
System.MissingMethodException: Method 'Umbraco.Web.Models.DynamicPublishedContent.Count' not found.
   at Umbraco.Core.Dynamics.DynamicInstanceHelper.FindAndExecuteExtensionMethod[T](IRuntimeCacheProvider runtimeCache, T thisObject, Object[] args, String name, IEnumerable`1 findMethodsOnTypes)
   at Umbraco.Core.Dynamics.DynamicInstanceHelper.TryInvokeMember[T](IRuntimeCacheProvider runtimeCache, T thisObject, InvokeMemberBinder binder, Object[] args, IEnumerable`1 findExtensionMethodsOnTypes)
 2017-08-22 10:40:25,873 [P4824/D2/T43] ERROR Umbraco.Core.Dynamics.DynamicInstanceHelper - An error occurred finding and executing extension method "Count" for type "Umbraco.Web.Models.DynamicPublishedContent". Types searched for extension methods were Umbraco.Web.Models.DynamicPublishedContent.
System.MissingMethodException: Method 'Umbraco.Web.Models.DynamicPublishedContent.Count' not found.
   at Umbraco.Core.Dynamics.DynamicInstanceHelper.FindAndExecuteExtensionMethod[T](IRuntimeCacheProvider runtimeCache, T thisObject, Object[] args, String name, IEnumerable`1 findMethodsOnTypes)
   at Umbraco.Core.Dynamics.DynamicInstanceHelper.TryInvokeMember[T](IRuntimeCacheProvider runtimeCache, T thisObject, InvokeMemberBinder binder, Object[] args, IEnumerable`1 findExtensionMethodsOnTypes)
 2017-08-22 10:40:39,736 [P4824/D2/T44] ERROR Umbraco.Core.Dynamics.DynamicInstanceHelper - An error occurred finding and executing extension method "Count" for type "Umbraco.Web.Models.DynamicPublishedContent". Types searched for extension methods were Umbraco.Web.Models.DynamicPublishedContent.
System.MissingMethodException: Method 'Umbraco.Web.Models.DynamicPublishedContent.Count' not found.
   at Umbraco.Core.Dynamics.DynamicInstanceHelper.FindAndExecuteExtensionMethod[T](IRuntimeCacheProvider runtimeCache, T thisObject, Object[] args, String name, IEnumerable`1 findMethodsOnTypes)
   at Umbraco.Core.Dynamics.DynamicInstanceHelper.TryInvokeMember[T](IRuntimeCacheProvider runtimeCache, T thisObject, InvokeMemberBinder binder, Object[] args, IEnumerable`1 findExtensionMethodsOnTypes)
 2017-08-22 10:40:39,738 [P4824/D2/T44] ERROR Umbraco.Core.Dynamics.DynamicInstanceHelper - An error occurred finding and executing extension method "Count" for type "Umbraco.Web.Models.DynamicPublishedContent". Types searched for extension methods were Umbraco.Web.Models.DynamicPublishedContent.
System.MissingMethodException: Method 'Umbraco.Web.Models.DynamicPublishedContent.Count' not found.
   at Umbraco.Core.Dynamics.DynamicInstanceHelper.FindAndExecuteExtensionMethod[T](IRuntimeCacheProvider runtimeCache, T thisObject, Object[] args, String name, IEnumerable`1 findMethodsOnTypes)
   at Umbraco.Core.Dynamics.DynamicInstanceHelper.TryInvokeMember[T](IRuntimeCacheProvider runtimeCache, T thisObject, InvokeMemberBinder binder, Object[] args, IEnumerable`1 findExtensionMethodsOnTypes)
 2017-08-22 10:40:39,739 [P4824/D2/T44] ERROR Umbraco.Core.Dynamics.DynamicInstanceHelper - An error occurred finding and executing extension method "Count" for type "Umbraco.Web.Models.DynamicPublishedContent". Types searched for extension methods were Umbraco.Web.Models.DynamicPublishedContent.
System.MissingMethodException: Method 'Umbraco.Web.Models.DynamicPublishedContent.Count' not found.
   at Umbraco.Core.Dynamics.DynamicInstanceHelper.FindAndExecuteExtensionMethod[T](IRuntimeCacheProvider runtimeCache, T thisObject, Object[] args, String name, IEnumerable`1 findMethodsOnTypes)
   at Umbraco.Core.Dynamics.DynamicInstanceHelper.TryInvokeMember[T](IRuntimeCacheProvider runtimeCache, T thisObject, InvokeMemberBinder binder, Object[] args, IEnumerable`1 findExtensionMethodsOnTypes)
 2017-08-22 10:40:39,740 [P4824/D2/T44] ERROR Umbraco.Core.Dynamics.DynamicInstanceHelper - An error occurred finding and executing extension method "Count" for type "Umbraco.Web.Models.DynamicPublishedContent". Types searched for extension methods were Umbraco.Web.Models.DynamicPublishedContent.
System.MissingMethodException: Method 'Umbraco.Web.Models.DynamicPublishedContent.Count' not found.
   at Umbraco.Core.Dynamics.DynamicInstanceHelper.FindAndExecuteExtensionMethod[T](IRuntimeCacheProvider runtimeCache, T thisObject, Object[] args, String name, IEnumerable`1 findMethodsOnTypes)
   at Umbraco.Core.Dynamics.DynamicInstanceHelper.TryInvokeMember[T](IRuntimeCacheProvider runtimeCache, T thisObject, InvokeMemberBinder binder, Object[] args, IEnumerable`1 findExtensionMethodsOnTypes)
 2017-08-22 10:40:42,777 [P4824/D2/T44] ERROR Umbraco.Core.Dynamics.DynamicInstanceHelper - An error occurred finding and executing extension method "Count" for type "Umbraco.Web.Models.DynamicPublishedContent". Types searched for extension methods were Umbraco.Web.Models.DynamicPublishedContent.
System.MissingMethodException: Method 'Umbraco.Web.Models.DynamicPublishedContent.Count' not found.
   at Umbraco.Core.Dynamics.DynamicInstanceHelper.FindAndExecuteExtensionMethod[T](IRuntimeCacheProvider runtimeCache, T thisObject, Object[] args, String name, IEnumerable`1 findMethodsOnTypes)
   at Umbraco.Core.Dynamics.DynamicInstanceHelper.TryInvokeMember[T](IRuntimeCacheProvider runtimeCache, T thisObject, InvokeMemberBinder binder, Object[] args, IEnumerable`1 findExtensionMethodsOnTypes)
 2017-08-22 10:40:42,784 [P4824/D2/T44] ERROR Umbraco.Core.Dynamics.DynamicInstanceHelper - An error occurred finding and executing extension method "Count" for type "Umbraco.Web.Models.DynamicPublishedContent". Types searched for extension methods were Umbraco.Web.Models.DynamicPublishedContent.
System.MissingMethodException: Method 'Umbraco.Web.Models.DynamicPublishedContent.Count' not found.
   at Umbraco.Core.Dynamics.DynamicInstanceHelper.FindAndExecuteExtensionMethod[T](IRuntimeCacheProvider runtimeCache, T thisObject, Object[] args, String name, IEnumerable`1 findMethodsOnTypes)
   at Umbraco.Core.Dynamics.DynamicInstanceHelper.TryInvokeMember[T](IRuntimeCacheProvider runtimeCache, T thisObject, InvokeMemberBinder binder, Object[] args, IEnumerable`1 findExtensionMethodsOnTypes)
 2017-08-22 10:40:42,787 [P4824/D2/T44] ERROR Umbraco.Core.Dynamics.DynamicInstanceHelper - An error occurred finding and executing extension method "Count" for type "Umbraco.Web.Models.DynamicPublishedContent". Types searched for extension methods were Umbraco.Web.Models.DynamicPublishedContent.
System.MissingMethodException: Method 'Umbraco.Web.Models.DynamicPublishedContent.Count' not found.
   at Umbraco.Core.Dynamics.DynamicInstanceHelper.FindAndExecuteExtensionMethod[T](IRuntimeCacheProvider runtimeCache, T thisObject, Object[] args, String name, IEnumerable`1 findMethodsOnTypes)
   at Umbraco.Core.Dynamics.DynamicInstanceHelper.TryInvokeMember[T](IRuntimeCacheProvider runtimeCache, T thisObject, InvokeMemberBinder binder, Object[] args, IEnumerable`1 findExtensionMethodsOnTypes)
 2017-08-22 10:40:42,789 [P4824/D2/T44] ERROR Umbraco.Core.Dynamics.DynamicInstanceHelper - An error occurred finding and executing extension method "Count" for type "Umbraco.Web.Models.DynamicPublishedContent". Types searched for extension methods were Umbraco.Web.Models.DynamicPublishedContent.
System.MissingMethodException: Method 'Umbraco.Web.Models.DynamicPublishedContent.Count' not found.
   at Umbraco.Core.Dynamics.DynamicInstanceHelper.FindAndExecuteExtensionMethod[T](IRuntimeCacheProvider runtimeCache, T thisObject, Object[] args, String name, IEnumerable`1 findMethodsOnTypes)
   at Umbraco.Core.Dynamics.DynamicInstanceHelper.TryInvokeMember[T](IRuntimeCacheProvider runtimeCache, T thisObject, InvokeMemberBinder binder, Object[] args, IEnumerable`1 findExtensionMethodsOnTypes)
 2017-08-22 10:40:54,381 [P4824/D2/T44] ERROR Umbraco.Core.Dynamics.DynamicInstanceHelper - An error occurred finding and executing extension method "Count" for type "Umbraco.Web.Models.DynamicPublishedContent". Types searched for extension methods were Umbraco.Web.Models.DynamicPublishedContent.
System.MissingMethodException: Method 'Umbraco.Web.Models.DynamicPublishedContent.Count' not found.
   at Umbraco.Core.Dynamics.DynamicInstanceHelper.FindAndExecuteExtensionMethod[T](IRuntimeCacheProvider runtimeCache, T thisObject, Object[] args, String name, IEnumerable`1 findMethodsOnTypes)
   at Umbraco.Core.Dynamics.DynamicInstanceHelper.TryInvokeMember[T](IRuntimeCacheProvider runtimeCache, T thisObject, InvokeMemberBinder binder, Object[] args, IEnumerable`1 findExtensionMethodsOnTypes)
 2017-08-22 10:40:54,382 [P4824/D2/T44] ERROR Umbraco.Core.Dynamics.DynamicInstanceHelper - An error occurred finding and executing extension method "Count" for type "Umbraco.Web.Models.DynamicPublishedContent". Types searched for extension methods were Umbraco.Web.Models.DynamicPublishedContent.
System.MissingMethodException: Method 'Umbraco.Web.Models.DynamicPublishedContent.Count' not found.
   at Umbraco.Core.Dynamics.DynamicInstanceHelper.FindAndExecuteExtensionMethod[T](IRuntimeCacheProvider runtimeCache, T thisObject, Object[] args, String name, IEnumerable`1 findMethodsOnTypes)
   at Umbraco.Core.Dynamics.DynamicInstanceHelper.TryInvokeMember[T](IRuntimeCacheProvider runtimeCache, T thisObject, InvokeMemberBinder binder, Object[] args, IEnumerable`1 findExtensionMethodsOnTypes)
 2017-08-22 10:40:54,384 [P4824/D2/T44] ERROR Umbraco.Core.Dynamics.DynamicInstanceHelper - An error occurred finding and executing extension method "Count" for type "Umbraco.Web.Models.DynamicPublishedContent". Types searched for extension methods were Umbraco.Web.Models.DynamicPublishedContent.
System.MissingMethodException: Method 'Umbraco.Web.Models.DynamicPublishedContent.Count' not found.
   at Umbraco.Core.Dynamics.DynamicInstanceHelper.FindAndExecuteExtensionMethod[T](IRuntimeCacheProvider runtimeCache, T thisObject, Object[] args, String name, IEnumerable`1 findMethodsOnTypes)
   at Umbraco.Core.Dynamics.DynamicInstanceHelper.TryInvokeMember[T](IRuntimeCacheProvider runtimeCache, T thisObject, InvokeMemberBinder binder, Object[] args, IEnumerable`1 findExtensionMethodsOnTypes)
 2017-08-22 10:40:54,385 [P4824/D2/T44] ERROR Umbraco.Core.Dynamics.DynamicInstanceHelper - An error occurred finding and executing extension method "Count" for type "Umbraco.Web.Models.DynamicPublishedContent". Types searched for extension methods were Umbraco.Web.Models.DynamicPublishedContent.
System.MissingMethodException: Method 'Umbraco.Web.Models.DynamicPublishedContent.Count' not found.
   at Umbraco.Core.Dynamics.DynamicInstanceHelper.FindAndExecuteExtensionMethod[T](IRuntimeCacheProvider runtimeCache, T thisObject, Object[] args, String name, IEnumerable`1 findMethodsOnTypes)
   at Umbraco.Core.Dynamics.DynamicInstanceHelper.TryInvokeMember[T](IRuntimeCacheProvider runtimeCache, T thisObject, InvokeMemberBinder binder, Object[] args, IEnumerable`1 findExtensionMethodsOnTypes)
 2017-08-22 10:41:07,926 [P4824/D2/T73] INFO  Umbraco.Web.Scheduling.BackgroundTaskRunner - [KeepAlive] Terminating
 2017-08-22 10:41:07,926 [P4824/D2/T73] INFO  Umbraco.Web.Scheduling.BackgroundTaskRunner - [KeepAlive] Waiting for tasks to complete
 2017-08-22 10:41:07,933 [P4824/D2/T73] INFO  Umbraco.Web.Scheduling.BackgroundTaskRunner - [Umbraco.Web.Scheduling.IBackgroundTask] Terminating
 2017-08-22 10:41:07,933 [P4824/D2/T73] INFO  Umbraco.Web.Scheduling.BackgroundTaskRunner - [Umbraco.Web.Scheduling.IBackgroundTask] Waiting for tasks to complete
 2017-08-22 10:41:07,941 [P4824/D2/T76] INFO  Umbraco.Web.Scheduling.BackgroundTaskRunner - [KeepAlive] Tasks completed, terminated
 2017-08-22 10:41:07,942 [P4824/D2/T81] INFO  Umbraco.Web.Scheduling.BackgroundTaskRunner - [Umbraco.Web.Scheduling.IBackgroundTask] Tasks completed, terminated
 2017-08-22 10:41:07,943 [P4824/D2/T73] INFO  Umbraco.Web.Scheduling.BackgroundTaskRunner - [LogScrubber] Terminating
 2017-08-22 10:41:07,944 [P4824/D2/T73] INFO  Umbraco.Web.Scheduling.BackgroundTaskRunner - [LogScrubber] Waiting for tasks to complete
 2017-08-22 10:41:07,944 [P4824/D2/T40] INFO  Umbraco.Web.Scheduling.BackgroundTaskRunner - [LogScrubber] Tasks completed, terminated
 2017-08-22 10:41:07,959 [P4824/D2/T73] INFO  Umbraco.Core.MainDom - Stopping...
 2017-08-22 10:41:07,963 [P4824/D2/T73] INFO  Umbraco.Core.MainDom - Released MainDom.
 2017-08-22 10:41:07,971 [P4824/D2/T73] INFO  Umbraco.Web.Scheduling.BackgroundTaskRunner - [ScheduledTasks] Terminating
 2017-08-22 10:41:07,971 [P4824/D2/T73] INFO  Umbraco.Web.Scheduling.BackgroundTaskRunner - [ScheduledTasks] Waiting for tasks to complete
 2017-08-22 10:41:07,971 [P4824/D2/T73] INFO  Umbraco.Web.Scheduling.BackgroundTaskRunner - [ScheduledPublishing] Terminating
 2017-08-22 10:41:07,972 [P4824/D2/T43] INFO  Umbraco.Web.Scheduling.BackgroundTaskRunner - [ScheduledTasks] Tasks completed, terminated
 2017-08-22 10:41:07,972 [P4824/D2/T73] INFO  Umbraco.Web.Scheduling.BackgroundTaskRunner - [ScheduledPublishing] Waiting for tasks to complete
 2017-08-22 10:41:07,973 [P4824/D2/T76] INFO  Umbraco.Web.Scheduling.BackgroundTaskRunner - [ScheduledPublishing] Tasks completed, terminated
 2017-08-22 10:41:35,815 [P4824/D3/T51] INFO  Umbraco.Core.CoreBootManager - Umbraco 7.6.5 application starting on LAPTOP-IALL27PH
 2017-08-22 10:41:35,870 [P4824/D3/T51] INFO  Umbraco.Core.PluginManager - Determining hash of code files on disk
 2017-08-22 10:41:35,918 [P4824/D3/T51] INFO  Umbraco.Core.PluginManager - Hash determined (took 48ms)
 2017-08-22 10:41:36,029 [P4824/D3/T51] INFO  Umbraco.Core.MainDom - Acquiring MainDom...
 2017-08-22 10:41:36,033 [P4824/D3/T51] INFO  Umbraco.Core.MainDom - Acquired MainDom.
 2017-08-22 10:41:36,038 [P4824/D3/T51] INFO  Umbraco.Core.PluginManager - Resolving umbraco.interfaces.IDiscoverable
 2017-08-22 10:41:37,309 [P4824/D3/T51] INFO  Umbraco.Core.PluginManager - Resolved umbraco.interfaces.IDiscoverable (took 1270ms)
 2017-08-22 10:41:37,309 [P4824/D3/T51] INFO  Umbraco.Core.PluginManager - Resolving umbraco.interfaces.IApplicationStartupHandler
 2017-08-22 10:41:37,312 [P4824/D3/T51] INFO  Umbraco.Core.PluginManager - Resolved umbraco.interfaces.IApplicationStartupHandler (took 2ms)
 2017-08-22 10:41:37,438 [P4824/D3/T51] INFO  Umbraco.Core.PluginManager - Resolving umbraco.interfaces.IDiscoverable
 2017-08-22 10:41:37,439 [P4824/D3/T51] INFO  Umbraco.Core.PluginManager - Resolved umbraco.interfaces.IDiscoverable (took 1ms)
 2017-08-22 10:41:37,440 [P4824/D3/T51] INFO  Umbraco.Core.PluginManager - Resolving Umbraco.Core.PropertyEditors.IPropertyEditorValueConverter
 2017-08-22 10:41:37,440 [P4824/D3/T51] INFO  Umbraco.Core.PluginManager - Resolved Umbraco.Core.PropertyEditors.IPropertyEditorValueConverter (took 0ms)
 2017-08-22 10:41:37,441 [P4824/D3/T51] INFO  Umbraco.Core.PluginManager - Resolving umbraco.interfaces.IDiscoverable
 2017-08-22 10:41:37,442 [P4824/D3/T51] INFO  Umbraco.Core.PluginManager - Resolved umbraco.interfaces.IDiscoverable (took 0ms)
 2017-08-22 10:41:37,442 [P4824/D3/T51] INFO  Umbraco.Core.PluginManager - Resolving Umbraco.Core.PropertyEditors.IPropertyValueConverter
 2017-08-22 10:41:37,445 [P4824/D3/T51] INFO  Umbraco.Core.PluginManager - Resolved Umbraco.Core.PropertyEditors.IPropertyValueConverter (took 2ms)
 2017-08-22 10:41:37,469 [P4824/D3/T51] INFO  Umbraco.Core.PluginManager - Resolving umbraco.interfaces.IDiscoverable
 2017-08-22 10:41:37,470 [P4824/D3/T51] INFO  Umbraco.Core.PluginManager - Resolved umbraco.interfaces.IDiscoverable (took 0ms)
 2017-08-22 10:41:37,470 [P4824/D3/T51] INFO  Umbraco.Core.PluginManager - Resolving Umbraco.Web.Mvc.SurfaceController
 2017-08-22 10:41:37,471 [P4824/D3/T51] INFO  Umbraco.Core.PluginManager - Resolved Umbraco.Web.Mvc.SurfaceController (took 0ms)
 2017-08-22 10:41:37,472 [P4824/D3/T51] INFO  Umbraco.Core.PluginManager - Resolving umbraco.interfaces.IDiscoverable
 2017-08-22 10:41:37,473 [P4824/D3/T51] INFO  Umbraco.Core.PluginManager - Resolved umbraco.interfaces.IDiscoverable (took 0ms)
 2017-08-22 10:41:37,473 [P4824/D3/T51] INFO  Umbraco.Core.PluginManager - Resolving Umbraco.Web.WebApi.UmbracoApiController
 2017-08-22 10:41:37,474 [P4824/D3/T51] INFO  Umbraco.Core.PluginManager - Resolved Umbraco.Web.WebApi.UmbracoApiController (took 1ms)
 2017-08-22 10:41:38,032 [P4824/D2/T74] INFO  Umbraco.Core.UmbracoApplicationBase - Application shutdown. Details: ConfigurationChange

_shutDownMessage=Change in App_Offline.htm
HostingEnvironment initiated shutdown
Change in App_Offline.htm
Change in App_Offline.htm
Change in App_Offline.htm
Change in App_Offline.htm
Change in App_Offline.htm
Change in App_Offline.htm
HostingEnvironment caused shutdown

_shutDownStack=   at System.Environment.GetStackTrace(Exception e, Boolean needFileInfo)
   at System.Environment.get_StackTrace()
   at System.Web.Hosting.HostingEnvironment.InitiateShutdownInternal()
   at System.Web.Hosting.HostingEnvironment.InitiateShutdownWithoutDemand()
   at System.Web.HttpRuntime.ShutdownAppDomain(String stackTrace)
   at System.Web.HttpRuntime.OnAppOfflineFileChange(Object sender, FileChangeEvent e)
   at System.Web.DirectoryMonitor.FireNotifications()
   at System.Web.Util.WorkItem.CallCallbackWithAssert(WorkItemCallback callback)
   at System.Web.Util.WorkItem.OnQueueUserWorkItemCompletion(Object state)
   at System.Threading.QueueUserWorkItemCallback.WaitCallback_Context(Object state)
   at System.Threading.ExecutionContext.RunInternal(ExecutionContext executionContext, ContextCallback callback, Object state, Boolean preserveSyncCtx)
   at System.Threading.ExecutionContext.Run(ExecutionContext executionContext, ContextCallback callback, Object state, Boolean preserveSyncCtx)
   at System.Threading.QueueUserWorkItemCallback.System.Threading.IThreadPoolWorkItem.ExecuteWorkItem()
   at System.Threading.ThreadPoolWorkQueue.Dispatch()
   at System.Threading._ThreadPoolWaitCallback.PerformWaitCallback()
 2017-08-22 10:41:39,679 [P4824/D3/T51] INFO  Umbraco.Core.DatabaseContext - CanConnect = True
 2017-08-22 10:41:40,119 [P4824/D3/T51] INFO  Umbraco.Web.Cache.CacheRefresherEventHandler - Initializing Umbraco internal event handlers for cache refreshing
 2017-08-22 10:41:40,469 [P4824/D3/T51] INFO  Umbraco.Web.Search.ExamineEvents - Initializing Examine and binding to business logic events
 2017-08-22 10:41:40,974 [P4824/D3/T51] INFO  Umbraco.Web.Search.ExamineEvents - Adding examine event handlers for index providers: 3
 2017-08-22 10:41:41,149 [P4824/D3/T51] INFO  Umbraco.Core.CoreBootManager - Umbraco application startup complete (took 5592ms)
 2017-08-22 10:41:44,015 [P4824/D3/T79] INFO  Umbraco.Core.Sync.ApplicationUrlHelper - ApplicationUrl: http://localhost:65026/umbraco (UmbracoModule request)
 2017-08-22 10:41:44,649 [P4824/D3/T79] INFO  umbraco.content - Load Xml from file...
 2017-08-22 10:41:44,664 [P4824/D3/T79] INFO  umbraco.content - Loaded Xml from file.
 2017-08-22 10:41:45,885 [P4824/D3/T79] INFO  Umbraco.Core.PluginManager - Resolving umbraco.interfaces.IDiscoverable
 2017-08-22 10:41:45,885 [P4824/D3/T79] INFO  Umbraco.Core.PluginManager - Resolved umbraco.interfaces.IDiscoverable (took 0ms)
 2017-08-22 10:41:45,885 [P4824/D3/T79] INFO  Umbraco.Core.PluginManager - Resolving Umbraco.Core.PropertyEditors.IParameterEditor
 2017-08-22 10:41:45,887 [P4824/D3/T79] INFO  Umbraco.Core.PluginManager - Resolved Umbraco.Core.PropertyEditors.IParameterEditor (took 1ms)
 2017-08-22 10:41:47,115 [P4824/D3/T79] ERROR Umbraco.Core.Dynamics.DynamicInstanceHelper - An error occurred finding and executing extension method "Count" for type "Umbraco.Web.Models.DynamicPublishedContent". Types searched for extension methods were Umbraco.Web.Models.DynamicPublishedContent.
System.MissingMethodException: Method 'Umbraco.Web.Models.DynamicPublishedContent.Count' not found.
   at Umbraco.Core.Dynamics.DynamicInstanceHelper.FindAndExecuteExtensionMethod[T](IRuntimeCacheProvider runtimeCache, T thisObject, Object[] args, String name, IEnumerable`1 findMethodsOnTypes)
   at Umbraco.Core.Dynamics.DynamicInstanceHelper.TryInvokeMember[T](IRuntimeCacheProvider runtimeCache, T thisObject, InvokeMemberBinder binder, Object[] args, IEnumerable`1 findExtensionMethodsOnTypes)
 2017-08-22 10:41:47,197 [P4824/D3/T79] ERROR Umbraco.Core.Dynamics.DynamicInstanceHelper - An error occurred finding and executing extension method "Count" for type "Umbraco.Web.Models.DynamicPublishedContent". Types searched for extension methods were Umbraco.Web.Models.DynamicPublishedContent.
System.MissingMethodException: Method 'Umbraco.Web.Models.DynamicPublishedContent.Count' not found.
   at Umbraco.Core.Dynamics.DynamicInstanceHelper.FindAndExecuteExtensionMethod[T](IRuntimeCacheProvider runtimeCache, T thisObject, Object[] args, String name, IEnumerable`1 findMethodsOnTypes)
   at Umbraco.Core.Dynamics.DynamicInstanceHelper.TryInvokeMember[T](IRuntimeCacheProvider runtimeCache, T thisObject, InvokeMemberBinder binder, Object[] args, IEnumerable`1 findExtensionMethodsOnTypes)
 2017-08-22 10:41:47,199 [P4824/D3/T79] ERROR Umbraco.Core.Dynamics.DynamicInstanceHelper - An error occurred finding and executing extension method "Count" for type "Umbraco.Web.Models.DynamicPublishedContent". Types searched for extension methods were Umbraco.Web.Models.DynamicPublishedContent.
System.MissingMethodException: Method 'Umbraco.Web.Models.DynamicPublishedContent.Count' not found.
   at Umbraco.Core.Dynamics.DynamicInstanceHelper.FindAndExecuteExtensionMethod[T](IRuntimeCacheProvider runtimeCache, T thisObject, Object[] args, String name, IEnumerable`1 findMethodsOnTypes)
   at Umbraco.Core.Dynamics.DynamicInstanceHelper.TryInvokeMember[T](IRuntimeCacheProvider runtimeCache, T thisObject, InvokeMemberBinder binder, Object[] args, IEnumerable`1 findExtensionMethodsOnTypes)
 2017-08-22 10:41:47,200 [P4824/D3/T79] ERROR Umbraco.Core.Dynamics.DynamicInstanceHelper - An error occurred finding and executing extension method "Count" for type "Umbraco.Web.Models.DynamicPublishedContent". Types searched for extension methods were Umbraco.Web.Models.DynamicPublishedContent.
System.MissingMethodException: Method 'Umbraco.Web.Models.DynamicPublishedContent.Count' not found.
   at Umbraco.Core.Dynamics.DynamicInstanceHelper.FindAndExecuteExtensionMethod[T](IRuntimeCacheProvider runtimeCache, T thisObject, Object[] args, String name, IEnumerable`1 findMethodsOnTypes)
   at Umbraco.Core.Dynamics.DynamicInstanceHelper.TryInvokeMember[T](IRuntimeCacheProvider runtimeCache, T thisObject, InvokeMemberBinder binder, Object[] args, IEnumerable`1 findExtensionMethodsOnTypes)
 2017-08-22 10:41:53,416 [P4824/D3/T64] ERROR Umbraco.Core.Dynamics.DynamicInstanceHelper - An error occurred finding and executing extension method "Count" for type "Umbraco.Web.Models.DynamicPublishedContent". Types searched for extension methods were Umbraco.Web.Models.DynamicPublishedContent.
System.MissingMethodException: Method 'Umbraco.Web.Models.DynamicPublishedContent.Count' not found.
   at Umbraco.Core.Dynamics.DynamicInstanceHelper.FindAndExecuteExtensionMethod[T](IRuntimeCacheProvider runtimeCache, T thisObject, Object[] args, String name, IEnumerable`1 findMethodsOnTypes)
   at Umbraco.Core.Dynamics.DynamicInstanceHelper.TryInvokeMember[T](IRuntimeCacheProvider runtimeCache, T thisObject, InvokeMemberBinder binder, Object[] args, IEnumerable`1 findExtensionMethodsOnTypes)
 2017-08-22 10:41:53,417 [P4824/D3/T64] ERROR Umbraco.Core.Dynamics.DynamicInstanceHelper - An error occurred finding and executing extension method "Count" for type "Umbraco.Web.Models.DynamicPublishedContent". Types searched for extension methods were Umbraco.Web.Models.DynamicPublishedContent.
System.MissingMethodException: Method 'Umbraco.Web.Models.DynamicPublishedContent.Count' not found.
   at Umbraco.Core.Dynamics.DynamicInstanceHelper.FindAndExecuteExtensionMethod[T](IRuntimeCacheProvider runtimeCache, T thisObject, Object[] args, String name, IEnumerable`1 findMethodsOnTypes)
   at Umbraco.Core.Dynamics.DynamicInstanceHelper.TryInvokeMember[T](IRuntimeCacheProvider runtimeCache, T thisObject, InvokeMemberBinder binder, Object[] args, IEnumerable`1 findExtensionMethodsOnTypes)
 2017-08-22 10:41:53,419 [P4824/D3/T64] ERROR Umbraco.Core.Dynamics.DynamicInstanceHelper - An error occurred finding and executing extension method "Count" for type "Umbraco.Web.Models.DynamicPublishedContent". Types searched for extension methods were Umbraco.Web.Models.DynamicPublishedContent.
System.MissingMethodException: Method 'Umbraco.Web.Models.DynamicPublishedContent.Count' not found.
   at Umbraco.Core.Dynamics.DynamicInstanceHelper.FindAndExecuteExtensionMethod[T](IRuntimeCacheProvider runtimeCache, T thisObject, Object[] args, String name, IEnumerable`1 findMethodsOnTypes)
   at Umbraco.Core.Dynamics.DynamicInstanceHelper.TryInvokeMember[T](IRuntimeCacheProvider runtimeCache, T thisObject, InvokeMemberBinder binder, Object[] args, IEnumerable`1 findExtensionMethodsOnTypes)
 2017-08-22 10:41:53,420 [P4824/D3/T64] ERROR Umbraco.Core.Dynamics.DynamicInstanceHelper - An error occurred finding and executing extension method "Count" for type "Umbraco.Web.Models.DynamicPublishedContent". Types searched for extension methods were Umbraco.Web.Models.DynamicPublishedContent.
System.MissingMethodException: Method 'Umbraco.Web.Models.DynamicPublishedContent.Count' not found.
   at Umbraco.Core.Dynamics.DynamicInstanceHelper.FindAndExecuteExtensionMethod[T](IRuntimeCacheProvider runtimeCache, T thisObject, Object[] args, String name, IEnumerable`1 findMethodsOnTypes)
   at Umbraco.Core.Dynamics.DynamicInstanceHelper.TryInvokeMember[T](IRuntimeCacheProvider runtimeCache, T thisObject, InvokeMemberBinder binder, Object[] args, IEnumerable`1 findExtensionMethodsOnTypes)
 2017-08-22 10:42:44,789 [P4824/D3/T44] INFO  umbraco.BusinessLogic.Log - Log scrubbed.  Removed all items older than 2017-08-21 10:42:44
 2017-08-22 10:42:44,904 [P4824/D3/T66] INFO  Umbraco.Core.PluginManager - Resolving umbraco.interfaces.IDiscoverable
 2017-08-22 10:42:44,905 [P4824/D3/T66] INFO  Umbraco.Core.PluginManager - Resolved umbraco.interfaces.IDiscoverable (took 0ms)
 2017-08-22 10:42:44,905 [P4824/D3/T66] INFO  Umbraco.Core.PluginManager - Resolving [Umbraco.Core.Persistence.Mappers.MapperForAttribute]Umbraco.Core.Persistence.Mappers.BaseMapper
 2017-08-22 10:42:44,906 [P4824/D3/T66] INFO  Umbraco.Core.PluginManager - Resolved [Umbraco.Core.Persistence.Mappers.MapperForAttribute]Umbraco.Core.Persistence.Mappers.BaseMapper (took 1ms)
 2017-08-22 10:46:34,416 [P4824/D3/T6] INFO  Umbraco.Web.Scheduling.BackgroundTaskRunner - [LogScrubber] Terminating
 2017-08-22 10:46:34,417 [P4824/D3/T6] INFO  Umbraco.Web.Scheduling.BackgroundTaskRunner - [LogScrubber] Waiting for tasks to complete
 2017-08-22 10:46:34,429 [P4824/D3/T6] INFO  Umbraco.Web.Scheduling.BackgroundTaskRunner - [KeepAlive] Terminating
 2017-08-22 10:46:34,429 [P4824/D3/T6] INFO  Umbraco.Web.Scheduling.BackgroundTaskRunner - [KeepAlive] Waiting for tasks to complete
 2017-08-22 10:46:34,430 [P4824/D3/T6] INFO  Umbraco.Web.Scheduling.BackgroundTaskRunner - [ScheduledTasks] Terminating
 2017-08-22 10:46:34,429 [P4824/D3/T74] INFO  Umbraco.Web.Scheduling.BackgroundTaskRunner - [LogScrubber] Tasks completed, terminated
 2017-08-22 10:46:34,430 [P4824/D3/T6] INFO  Umbraco.Web.Scheduling.BackgroundTaskRunner - [ScheduledTasks] Waiting for tasks to complete
 2017-08-22 10:46:34,433 [P4824/D3/T6] INFO  Umbraco.Core.MainDom - Stopping...
 2017-08-22 10:46:34,435 [P4824/D3/T69] INFO  Umbraco.Web.Scheduling.BackgroundTaskRunner - [ScheduledTasks] Tasks completed, terminated
 2017-08-22 10:46:34,430 [P4824/D3/T81] INFO  Umbraco.Web.Scheduling.BackgroundTaskRunner - [KeepAlive] Tasks completed, terminated
 2017-08-22 10:46:34,438 [P4824/D3/T6] INFO  Umbraco.Core.MainDom - Released MainDom.
 2017-08-22 10:46:34,439 [P4824/D3/T6] INFO  Umbraco.Web.Scheduling.BackgroundTaskRunner - [Umbraco.Web.Scheduling.IBackgroundTask] Terminating
 2017-08-22 10:46:34,439 [P4824/D3/T6] INFO  Umbraco.Web.Scheduling.BackgroundTaskRunner - [Umbraco.Web.Scheduling.IBackgroundTask] Waiting for tasks to complete
 2017-08-22 10:46:34,445 [P4824/D3/T76] INFO  Umbraco.Web.Scheduling.BackgroundTaskRunner - [Umbraco.Web.Scheduling.IBackgroundTask] Tasks completed, terminated
 2017-08-22 10:46:34,448 [P4824/D3/T6] INFO  Umbraco.Web.Scheduling.BackgroundTaskRunner - [ScheduledPublishing] Terminating
 2017-08-22 10:46:34,449 [P4824/D3/T6] INFO  Umbraco.Web.Scheduling.BackgroundTaskRunner - [ScheduledPublishing] Waiting for tasks to complete
 2017-08-22 10:46:34,455 [P4824/D3/T71] INFO  Umbraco.Web.Scheduling.BackgroundTaskRunner - [ScheduledPublishing] Tasks completed, terminated
 2017-08-22 10:47:04,563 [P4824/D3/T6] INFO  Umbraco.Core.UmbracoApplicationBase - Application shutdown. Details: ConfigurationChange

_shutDownMessage=Change in App_Offline.htm
HostingEnvironment initiated shutdown
Change in App_Offline.htm
Change in App_Offline.htm
HostingEnvironment caused shutdown

_shutDownStack=   at System.Environment.GetStackTrace(Exception e, Boolean needFileInfo)
   at System.Environment.get_StackTrace()
   at System.Web.Hosting.HostingEnvironment.InitiateShutdownInternal()
   at System.Web.Hosting.HostingEnvironment.InitiateShutdownWithoutDemand()
   at System.Web.HttpRuntime.ShutdownAppDomain(String stackTrace)
   at System.Web.HttpRuntime.OnAppOfflineFileChange(Object sender, FileChangeEvent e)
   at System.Web.DirectoryMonitor.FireNotifications()
   at System.Web.Util.WorkItem.CallCallbackWithAssert(WorkItemCallback callback)
   at System.Web.Util.WorkItem.OnQueueUserWorkItemCompletion(Object state)
   at System.Threading.QueueUserWorkItemCallback.WaitCallback_Context(Object state)
   at System.Threading.ExecutionContext.RunInternal(ExecutionContext executionContext, ContextCallback callback, Object state, Boolean preserveSyncCtx)
   at System.Threading.ExecutionContext.Run(ExecutionContext executionContext, ContextCallback callback, Object state, Boolean preserveSyncCtx)
   at System.Threading.QueueUserWorkItemCallback.System.Threading.IThreadPoolWorkItem.ExecuteWorkItem()
   at System.Threading.ThreadPoolWorkQueue.Dispatch()
   at System.Threading._ThreadPoolWaitCallback.PerformWaitCallback()
 2017-08-22 10:47:51,197 [P4824/D4/T59] INFO  Umbraco.Core.CoreBootManager - Umbraco 7.6.5 application starting on LAPTOP-IALL27PH
 2017-08-22 10:47:51,215 [P4824/D4/T59] INFO  Umbraco.Core.PluginManager - Determining hash of code files on disk
 2017-08-22 10:47:51,233 [P4824/D4/T59] INFO  Umbraco.Core.PluginManager - Hash determined (took 18ms)
 2017-08-22 10:47:51,271 [P4824/D4/T59] INFO  Umbraco.Core.MainDom - Acquiring MainDom...
 2017-08-22 10:47:51,272 [P4824/D4/T59] INFO  Umbraco.Core.MainDom - Acquired MainDom.
 2017-08-22 10:47:51,275 [P4824/D4/T59] INFO  Umbraco.Core.PluginManager - Resolving umbraco.interfaces.IDiscoverable
 2017-08-22 10:47:52,215 [P4824/D4/T59] INFO  Umbraco.Core.PluginManager - Resolved umbraco.interfaces.IDiscoverable (took 940ms)
 2017-08-22 10:47:52,216 [P4824/D4/T59] INFO  Umbraco.Core.PluginManager - Resolving umbraco.interfaces.IApplicationStartupHandler
 2017-08-22 10:47:52,217 [P4824/D4/T59] INFO  Umbraco.Core.PluginManager - Resolved umbraco.interfaces.IApplicationStartupHandler (took 1ms)
 2017-08-22 10:47:52,302 [P4824/D4/T59] INFO  Umbraco.Core.PluginManager - Resolving umbraco.interfaces.IDiscoverable
 2017-08-22 10:47:52,303 [P4824/D4/T59] INFO  Umbraco.Core.PluginManager - Resolved umbraco.interfaces.IDiscoverable (took 0ms)
 2017-08-22 10:47:52,303 [P4824/D4/T59] INFO  Umbraco.Core.PluginManager - Resolving Umbraco.Core.PropertyEditors.IPropertyEditorValueConverter
 2017-08-22 10:47:52,304 [P4824/D4/T59] INFO  Umbraco.Core.PluginManager - Resolved Umbraco.Core.PropertyEditors.IPropertyEditorValueConverter (took 0ms)
 2017-08-22 10:47:52,304 [P4824/D4/T59] INFO  Umbraco.Core.PluginManager - Resolving umbraco.interfaces.IDiscoverable
 2017-08-22 10:47:52,304 [P4824/D4/T59] INFO  Umbraco.Core.PluginManager - Resolved umbraco.interfaces.IDiscoverable (took 0ms)
 2017-08-22 10:47:52,305 [P4824/D4/T59] INFO  Umbraco.Core.PluginManager - Resolving Umbraco.Core.PropertyEditors.IPropertyValueConverter
 2017-08-22 10:47:52,306 [P4824/D4/T59] INFO  Umbraco.Core.PluginManager - Resolved Umbraco.Core.PropertyEditors.IPropertyValueConverter (took 1ms)
 2017-08-22 10:47:52,312 [P4824/D4/T59] INFO  Umbraco.Core.PluginManager - Resolving umbraco.interfaces.IDiscoverable
 2017-08-22 10:47:52,312 [P4824/D4/T59] INFO  Umbraco.Core.PluginManager - Resolved umbraco.interfaces.IDiscoverable (took 0ms)
 2017-08-22 10:47:52,313 [P4824/D4/T59] INFO  Umbraco.Core.PluginManager - Resolving Umbraco.Web.Mvc.SurfaceController
 2017-08-22 10:47:52,313 [P4824/D4/T59] INFO  Umbraco.Core.PluginManager - Resolved Umbraco.Web.Mvc.SurfaceController (took 0ms)
 2017-08-22 10:47:52,314 [P4824/D4/T59] INFO  Umbraco.Core.PluginManager - Resolving umbraco.interfaces.IDiscoverable
 2017-08-22 10:47:52,314 [P4824/D4/T59] INFO  Umbraco.Core.PluginManager - Resolved umbraco.interfaces.IDiscoverable (took 0ms)
 2017-08-22 10:47:52,314 [P4824/D4/T59] INFO  Umbraco.Core.PluginManager - Resolving Umbraco.Web.WebApi.UmbracoApiController
 2017-08-22 10:47:52,316 [P4824/D4/T59] INFO  Umbraco.Core.PluginManager - Resolved Umbraco.Web.WebApi.UmbracoApiController (took 1ms)
 2017-08-22 10:47:54,037 [P4824/D4/T59] INFO  Umbraco.Core.DatabaseContext - CanConnect = True
 2017-08-22 10:47:54,301 [P4824/D4/T59] INFO  Umbraco.Web.Cache.CacheRefresherEventHandler - Initializing Umbraco internal event handlers for cache refreshing
 2017-08-22 10:47:54,642 [P4824/D4/T59] INFO  Umbraco.Web.Search.ExamineEvents - Initializing Examine and binding to business logic events
 2017-08-22 10:47:54,988 [P4824/D4/T59] INFO  Umbraco.Web.Search.ExamineEvents - Adding examine event handlers for index providers: 3
 2017-08-22 10:47:55,139 [P4824/D4/T59] INFO  Umbraco.Core.CoreBootManager - Umbraco application startup complete (took 4105ms)
 2017-08-22 10:47:57,907 [P4824/D4/T77] INFO  Umbraco.Core.Sync.ApplicationUrlHelper - ApplicationUrl: http://localhost:65026/umbraco (UmbracoModule request)
 2017-08-22 10:47:58,371 [P4824/D4/T77] INFO  umbraco.content - Load Xml from file...
 2017-08-22 10:47:58,386 [P4824/D4/T77] INFO  umbraco.content - Loaded Xml from file.
 2017-08-22 10:47:59,039 [P4824/D4/T77] INFO  Umbraco.Core.PluginManager - Resolving umbraco.interfaces.IDiscoverable
 2017-08-22 10:47:59,040 [P4824/D4/T77] INFO  Umbraco.Core.PluginManager - Resolved umbraco.interfaces.IDiscoverable (took 0ms)
 2017-08-22 10:47:59,040 [P4824/D4/T77] INFO  Umbraco.Core.PluginManager - Resolving Umbraco.Core.PropertyEditors.IParameterEditor
 2017-08-22 10:47:59,041 [P4824/D4/T77] INFO  Umbraco.Core.PluginManager - Resolved Umbraco.Core.PropertyEditors.IParameterEditor (took 1ms)
 2017-08-22 10:48:01,930 [P4824/D4/T77] ERROR Umbraco.Core.Dynamics.DynamicInstanceHelper - An error occurred finding and executing extension method "Count" for type "Umbraco.Web.Models.DynamicPublishedContent". Types searched for extension methods were Umbraco.Web.Models.DynamicPublishedContent.
System.MissingMethodException: Method 'Umbraco.Web.Models.DynamicPublishedContent.Count' not found.
   at Umbraco.Core.Dynamics.DynamicInstanceHelper.FindAndExecuteExtensionMethod[T](IRuntimeCacheProvider runtimeCache, T thisObject, Object[] args, String name, IEnumerable`1 findMethodsOnTypes)
   at Umbraco.Core.Dynamics.DynamicInstanceHelper.TryInvokeMember[T](IRuntimeCacheProvider runtimeCache, T thisObject, InvokeMemberBinder binder, Object[] args, IEnumerable`1 findExtensionMethodsOnTypes)
 2017-08-22 10:48:02,011 [P4824/D4/T77] ERROR Umbraco.Core.Dynamics.DynamicInstanceHelper - An error occurred finding and executing extension method "Count" for type "Umbraco.Web.Models.DynamicPublishedContent". Types searched for extension methods were Umbraco.Web.Models.DynamicPublishedContent.
System.MissingMethodException: Method 'Umbraco.Web.Models.DynamicPublishedContent.Count' not found.
   at Umbraco.Core.Dynamics.DynamicInstanceHelper.FindAndExecuteExtensionMethod[T](IRuntimeCacheProvider runtimeCache, T thisObject, Object[] args, String name, IEnumerable`1 findMethodsOnTypes)
   at Umbraco.Core.Dynamics.DynamicInstanceHelper.TryInvokeMember[T](IRuntimeCacheProvider runtimeCache, T thisObject, InvokeMemberBinder binder, Object[] args, IEnumerable`1 findExtensionMethodsOnTypes)
 2017-08-22 10:48:02,012 [P4824/D4/T77] ERROR Umbraco.Core.Dynamics.DynamicInstanceHelper - An error occurred finding and executing extension method "Count" for type "Umbraco.Web.Models.DynamicPublishedContent". Types searched for extension methods were Umbraco.Web.Models.DynamicPublishedContent.
System.MissingMethodException: Method 'Umbraco.Web.Models.DynamicPublishedContent.Count' not found.
   at Umbraco.Core.Dynamics.DynamicInstanceHelper.FindAndExecuteExtensionMethod[T](IRuntimeCacheProvider runtimeCache, T thisObject, Object[] args, String name, IEnumerable`1 findMethodsOnTypes)
   at Umbraco.Core.Dynamics.DynamicInstanceHelper.TryInvokeMember[T](IRuntimeCacheProvider runtimeCache, T thisObject, InvokeMemberBinder binder, Object[] args, IEnumerable`1 findExtensionMethodsOnTypes)
 2017-08-22 10:48:02,014 [P4824/D4/T77] ERROR Umbraco.Core.Dynamics.DynamicInstanceHelper - An error occurred finding and executing extension method "Count" for type "Umbraco.Web.Models.DynamicPublishedContent". Types searched for extension methods were Umbraco.Web.Models.DynamicPublishedContent.
System.MissingMethodException: Method 'Umbraco.Web.Models.DynamicPublishedContent.Count' not found.
   at Umbraco.Core.Dynamics.DynamicInstanceHelper.FindAndExecuteExtensionMethod[T](IRuntimeCacheProvider runtimeCache, T thisObject, Object[] args, String name, IEnumerable`1 findMethodsOnTypes)
   at Umbraco.Core.Dynamics.DynamicInstanceHelper.TryInvokeMember[T](IRuntimeCacheProvider runtimeCache, T thisObject, InvokeMemberBinder binder, Object[] args, IEnumerable`1 findExtensionMethodsOnTypes)
 2017-08-22 10:48:58,503 [P4824/D4/T77] INFO  umbraco.BusinessLogic.Log - Log scrubbed.  Removed all items older than 2017-08-21 10:48:58
 2017-08-22 10:48:58,620 [P4824/D4/T77] INFO  Umbraco.Core.PluginManager - Resolving umbraco.interfaces.IDiscoverable
 2017-08-22 10:48:58,621 [P4824/D4/T77] INFO  Umbraco.Core.PluginManager - Resolved umbraco.interfaces.IDiscoverable (took 0ms)
 2017-08-22 10:48:58,621 [P4824/D4/T77] INFO  Umbraco.Core.PluginManager - Resolving [Umbraco.Core.Persistence.Mappers.MapperForAttribute]Umbraco.Core.Persistence.Mappers.BaseMapper
 2017-08-22 10:48:58,622 [P4824/D4/T77] INFO  Umbraco.Core.PluginManager - Resolved [Umbraco.Core.Persistence.Mappers.MapperForAttribute]Umbraco.Core.Persistence.Mappers.BaseMapper (took 1ms)
 2017-08-22 10:52:13,003 [P4824/D4/T93] ERROR Umbraco.Core.Dynamics.DynamicInstanceHelper - An error occurred finding and executing extension method "Count" for type "Umbraco.Web.Models.DynamicPublishedContent". Types searched for extension methods were Umbraco.Web.Models.DynamicPublishedContent.
System.MissingMethodException: Method 'Umbraco.Web.Models.DynamicPublishedContent.Count' not found.
   at Umbraco.Core.Dynamics.DynamicInstanceHelper.FindAndExecuteExtensionMethod[T](IRuntimeCacheProvider runtimeCache, T thisObject, Object[] args, String name, IEnumerable`1 findMethodsOnTypes)
   at Umbraco.Core.Dynamics.DynamicInstanceHelper.TryInvokeMember[T](IRuntimeCacheProvider runtimeCache, T thisObject, InvokeMemberBinder binder, Object[] args, IEnumerable`1 findExtensionMethodsOnTypes)
 2017-08-22 10:52:13,037 [P4824/D4/T93] ERROR Umbraco.Core.Dynamics.DynamicInstanceHelper - An error occurred finding and executing extension method "Count" for type "Umbraco.Web.Models.DynamicPublishedContent". Types searched for extension methods were Umbraco.Web.Models.DynamicPublishedContent.
System.MissingMethodException: Method 'Umbraco.Web.Models.DynamicPublishedContent.Count' not found.
   at Umbraco.Core.Dynamics.DynamicInstanceHelper.FindAndExecuteExtensionMethod[T](IRuntimeCacheProvider runtimeCache, T thisObject, Object[] args, String name, IEnumerable`1 findMethodsOnTypes)
   at Umbraco.Core.Dynamics.DynamicInstanceHelper.TryInvokeMember[T](IRuntimeCacheProvider runtimeCache, T thisObject, InvokeMemberBinder binder, Object[] args, IEnumerable`1 findExtensionMethodsOnTypes)
 2017-08-22 10:52:13,039 [P4824/D4/T93] ERROR Umbraco.Core.Dynamics.DynamicInstanceHelper - An error occurred finding and executing extension method "Count" for type "Umbraco.Web.Models.DynamicPublishedContent". Types searched for extension methods were Umbraco.Web.Models.DynamicPublishedContent.
System.MissingMethodException: Method 'Umbraco.Web.Models.DynamicPublishedContent.Count' not found.
   at Umbraco.Core.Dynamics.DynamicInstanceHelper.FindAndExecuteExtensionMethod[T](IRuntimeCacheProvider runtimeCache, T thisObject, Object[] args, String name, IEnumerable`1 findMethodsOnTypes)
   at Umbraco.Core.Dynamics.DynamicInstanceHelper.TryInvokeMember[T](IRuntimeCacheProvider runtimeCache, T thisObject, InvokeMemberBinder binder, Object[] args, IEnumerable`1 findExtensionMethodsOnTypes)
 2017-08-22 10:52:13,041 [P4824/D4/T93] ERROR Umbraco.Core.Dynamics.DynamicInstanceHelper - An error occurred finding and executing extension method "Count" for type "Umbraco.Web.Models.DynamicPublishedContent". Types searched for extension methods were Umbraco.Web.Models.DynamicPublishedContent.
System.MissingMethodException: Method 'Umbraco.Web.Models.DynamicPublishedContent.Count' not found.
   at Umbraco.Core.Dynamics.DynamicInstanceHelper.FindAndExecuteExtensionMethod[T](IRuntimeCacheProvider runtimeCache, T thisObject, Object[] args, String name, IEnumerable`1 findMethodsOnTypes)
   at Umbraco.Core.Dynamics.DynamicInstanceHelper.TryInvokeMember[T](IRuntimeCacheProvider runtimeCache, T thisObject, InvokeMemberBinder binder, Object[] args, IEnumerable`1 findExtensionMethodsOnTypes)
 2017-08-22 10:52:47,968 [P4824/D4/T41] ERROR Umbraco.Core.Dynamics.DynamicInstanceHelper - An error occurred finding and executing extension method "Count" for type "Umbraco.Web.Models.DynamicPublishedContent". Types searched for extension methods were Umbraco.Web.Models.DynamicPublishedContent.
System.MissingMethodException: Method 'Umbraco.Web.Models.DynamicPublishedContent.Count' not found.
   at Umbraco.Core.Dynamics.DynamicInstanceHelper.FindAndExecuteExtensionMethod[T](IRuntimeCacheProvider runtimeCache, T thisObject, Object[] args, String name, IEnumerable`1 findMethodsOnTypes)
   at Umbraco.Core.Dynamics.DynamicInstanceHelper.TryInvokeMember[T](IRuntimeCacheProvider runtimeCache, T thisObject, InvokeMemberBinder binder, Object[] args, IEnumerable`1 findExtensionMethodsOnTypes)
 2017-08-22 10:52:47,994 [P4824/D4/T41] ERROR Umbraco.Core.Dynamics.DynamicInstanceHelper - An error occurred finding and executing extension method "Count" for type "Umbraco.Web.Models.DynamicPublishedContent". Types searched for extension methods were Umbraco.Web.Models.DynamicPublishedContent.
System.MissingMethodException: Method 'Umbraco.Web.Models.DynamicPublishedContent.Count' not found.
   at Umbraco.Core.Dynamics.DynamicInstanceHelper.FindAndExecuteExtensionMethod[T](IRuntimeCacheProvider runtimeCache, T thisObject, Object[] args, String name, IEnumerable`1 findMethodsOnTypes)
   at Umbraco.Core.Dynamics.DynamicInstanceHelper.TryInvokeMember[T](IRuntimeCacheProvider runtimeCache, T thisObject, InvokeMemberBinder binder, Object[] args, IEnumerable`1 findExtensionMethodsOnTypes)
 2017-08-22 10:52:47,996 [P4824/D4/T41] ERROR Umbraco.Core.Dynamics.DynamicInstanceHelper - An error occurred finding and executing extension method "Count" for type "Umbraco.Web.Models.DynamicPublishedContent". Types searched for extension methods were Umbraco.Web.Models.DynamicPublishedContent.
System.MissingMethodException: Method 'Umbraco.Web.Models.DynamicPublishedContent.Count' not found.
   at Umbraco.Core.Dynamics.DynamicInstanceHelper.FindAndExecuteExtensionMethod[T](IRuntimeCacheProvider runtimeCache, T thisObject, Object[] args, String name, IEnumerable`1 findMethodsOnTypes)
   at Umbraco.Core.Dynamics.DynamicInstanceHelper.TryInvokeMember[T](IRuntimeCacheProvider runtimeCache, T thisObject, InvokeMemberBinder binder, Object[] args, IEnumerable`1 findExtensionMethodsOnTypes)
 2017-08-22 10:52:47,997 [P4824/D4/T41] ERROR Umbraco.Core.Dynamics.DynamicInstanceHelper - An error occurred finding and executing extension method "Count" for type "Umbraco.Web.Models.DynamicPublishedContent". Types searched for extension methods were Umbraco.Web.Models.DynamicPublishedContent.
System.MissingMethodException: Method 'Umbraco.Web.Models.DynamicPublishedContent.Count' not found.
   at Umbraco.Core.Dynamics.DynamicInstanceHelper.FindAndExecuteExtensionMethod[T](IRuntimeCacheProvider runtimeCache, T thisObject, Object[] args, String name, IEnumerable`1 findMethodsOnTypes)
   at Umbraco.Core.Dynamics.DynamicInstanceHelper.TryInvokeMember[T](IRuntimeCacheProvider runtimeCache, T thisObject, InvokeMemberBinder binder, Object[] args, IEnumerable`1 findExtensionMethodsOnTypes)
 2017-08-22 10:53:34,323 [P4824/D4/T97] ERROR Umbraco.Core.Dynamics.DynamicInstanceHelper - An error occurred finding and executing extension method "Count" for type "Umbraco.Web.Models.DynamicPublishedContent". Types searched for extension methods were Umbraco.Web.Models.DynamicPublishedContent.
System.MissingMethodException: Method 'Umbraco.Web.Models.DynamicPublishedContent.Count' not found.
   at Umbraco.Core.Dynamics.DynamicInstanceHelper.FindAndExecuteExtensionMethod[T](IRuntimeCacheProvider runtimeCache, T thisObject, Object[] args, String name, IEnumerable`1 findMethodsOnTypes)
   at Umbraco.Core.Dynamics.DynamicInstanceHelper.TryInvokeMember[T](IRuntimeCacheProvider runtimeCache, T thisObject, InvokeMemberBinder binder, Object[] args, IEnumerable`1 findExtensionMethodsOnTypes)
 2017-08-22 10:53:34,351 [P4824/D4/T97] ERROR Umbraco.Core.Dynamics.DynamicInstanceHelper - An error occurred finding and executing extension method "Count" for type "Umbraco.Web.Models.DynamicPublishedContent". Types searched for extension methods were Umbraco.Web.Models.DynamicPublishedContent.
System.MissingMethodException: Method 'Umbraco.Web.Models.DynamicPublishedContent.Count' not found.
   at Umbraco.Core.Dynamics.DynamicInstanceHelper.FindAndExecuteExtensionMethod[T](IRuntimeCacheProvider runtimeCache, T thisObject, Object[] args, String name, IEnumerable`1 findMethodsOnTypes)
   at Umbraco.Core.Dynamics.DynamicInstanceHelper.TryInvokeMember[T](IRuntimeCacheProvider runtimeCache, T thisObject, InvokeMemberBinder binder, Object[] args, IEnumerable`1 findExtensionMethodsOnTypes)
 2017-08-22 10:53:34,352 [P4824/D4/T97] ERROR Umbraco.Core.Dynamics.DynamicInstanceHelper - An error occurred finding and executing extension method "Count" for type "Umbraco.Web.Models.DynamicPublishedContent". Types searched for extension methods were Umbraco.Web.Models.DynamicPublishedContent.
System.MissingMethodException: Method 'Umbraco.Web.Models.DynamicPublishedContent.Count' not found.
   at Umbraco.Core.Dynamics.DynamicInstanceHelper.FindAndExecuteExtensionMethod[T](IRuntimeCacheProvider runtimeCache, T thisObject, Object[] args, String name, IEnumerable`1 findMethodsOnTypes)
   at Umbraco.Core.Dynamics.DynamicInstanceHelper.TryInvokeMember[T](IRuntimeCacheProvider runtimeCache, T thisObject, InvokeMemberBinder binder, Object[] args, IEnumerable`1 findExtensionMethodsOnTypes)
 2017-08-22 10:53:34,353 [P4824/D4/T97] ERROR Umbraco.Core.Dynamics.DynamicInstanceHelper - An error occurred finding and executing extension method "Count" for type "Umbraco.Web.Models.DynamicPublishedContent". Types searched for extension methods were Umbraco.Web.Models.DynamicPublishedContent.
System.MissingMethodException: Method 'Umbraco.Web.Models.DynamicPublishedContent.Count' not found.
   at Umbraco.Core.Dynamics.DynamicInstanceHelper.FindAndExecuteExtensionMethod[T](IRuntimeCacheProvider runtimeCache, T thisObject, Object[] args, String name, IEnumerable`1 findMethodsOnTypes)
   at Umbraco.Core.Dynamics.DynamicInstanceHelper.TryInvokeMember[T](IRuntimeCacheProvider runtimeCache, T thisObject, InvokeMemberBinder binder, Object[] args, IEnumerable`1 findExtensionMethodsOnTypes)
 2017-08-22 10:55:27,615 [P4824/D4/T39] ERROR Umbraco.Core.Dynamics.DynamicInstanceHelper - An error occurred finding and executing extension method "Count" for type "Umbraco.Web.Models.DynamicPublishedContent". Types searched for extension methods were Umbraco.Web.Models.DynamicPublishedContent.
System.MissingMethodException: Method 'Umbraco.Web.Models.DynamicPublishedContent.Count' not found.
   at Umbraco.Core.Dynamics.DynamicInstanceHelper.FindAndExecuteExtensionMethod[T](IRuntimeCacheProvider runtimeCache, T thisObject, Object[] args, String name, IEnumerable`1 findMethodsOnTypes)
   at Umbraco.Core.Dynamics.DynamicInstanceHelper.TryInvokeMember[T](IRuntimeCacheProvider runtimeCache, T thisObject, InvokeMemberBinder binder, Object[] args, IEnumerable`1 findExtensionMethodsOnTypes)
 2017-08-22 10:55:27,637 [P4824/D4/T39] ERROR Umbraco.Core.Dynamics.DynamicInstanceHelper - An error occurred finding and executing extension method "Count" for type "Umbraco.Web.Models.DynamicPublishedContent". Types searched for extension methods were Umbraco.Web.Models.DynamicPublishedContent.
System.MissingMethodException: Method 'Umbraco.Web.Models.DynamicPublishedContent.Count' not found.
   at Umbraco.Core.Dynamics.DynamicInstanceHelper.FindAndExecuteExtensionMethod[T](IRuntimeCacheProvider runtimeCache, T thisObject, Object[] args, String name, IEnumerable`1 findMethodsOnTypes)
   at Umbraco.Core.Dynamics.DynamicInstanceHelper.TryInvokeMember[T](IRuntimeCacheProvider runtimeCache, T thisObject, InvokeMemberBinder binder, Object[] args, IEnumerable`1 findExtensionMethodsOnTypes)
 2017-08-22 10:55:27,639 [P4824/D4/T39] ERROR Umbraco.Core.Dynamics.DynamicInstanceHelper - An error occurred finding and executing extension method "Count" for type "Umbraco.Web.Models.DynamicPublishedContent". Types searched for extension methods were Umbraco.Web.Models.DynamicPublishedContent.
System.MissingMethodException: Method 'Umbraco.Web.Models.DynamicPublishedContent.Count' not found.
   at Umbraco.Core.Dynamics.DynamicInstanceHelper.FindAndExecuteExtensionMethod[T](IRuntimeCacheProvider runtimeCache, T thisObject, Object[] args, String name, IEnumerable`1 findMethodsOnTypes)
   at Umbraco.Core.Dynamics.DynamicInstanceHelper.TryInvokeMember[T](IRuntimeCacheProvider runtimeCache, T thisObject, InvokeMemberBinder binder, Object[] args, IEnumerable`1 findExtensionMethodsOnTypes)
 2017-08-22 10:55:27,640 [P4824/D4/T39] ERROR Umbraco.Core.Dynamics.DynamicInstanceHelper - An error occurred finding and executing extension method "Count" for type "Umbraco.Web.Models.DynamicPublishedContent". Types searched for extension methods were Umbraco.Web.Models.DynamicPublishedContent.
System.MissingMethodException: Method 'Umbraco.Web.Models.DynamicPublishedContent.Count' not found.
   at Umbraco.Core.Dynamics.DynamicInstanceHelper.FindAndExecuteExtensionMethod[T](IRuntimeCacheProvider runtimeCache, T thisObject, Object[] args, String name, IEnumerable`1 findMethodsOnTypes)
   at Umbraco.Core.Dynamics.DynamicInstanceHelper.TryInvokeMember[T](IRuntimeCacheProvider runtimeCache, T thisObject, InvokeMemberBinder binder, Object[] args, IEnumerable`1 findExtensionMethodsOnTypes)
 2017-08-22 10:56:39,738 [P4824/D4/T32] ERROR Umbraco.Core.Dynamics.DynamicInstanceHelper - An error occurred finding and executing extension method "Count" for type "Umbraco.Web.Models.DynamicPublishedContent". Types searched for extension methods were Umbraco.Web.Models.DynamicPublishedContent.
System.MissingMethodException: Method 'Umbraco.Web.Models.DynamicPublishedContent.Count' not found.
   at Umbraco.Core.Dynamics.DynamicInstanceHelper.FindAndExecuteExtensionMethod[T](IRuntimeCacheProvider runtimeCache, T thisObject, Object[] args, String name, IEnumerable`1 findMethodsOnTypes)
   at Umbraco.Core.Dynamics.DynamicInstanceHelper.TryInvokeMember[T](IRuntimeCacheProvider runtimeCache, T thisObject, InvokeMemberBinder binder, Object[] args, IEnumerable`1 findExtensionMethodsOnTypes)
 2017-08-22 10:56:39,767 [P4824/D4/T32] ERROR Umbraco.Core.Dynamics.DynamicInstanceHelper - An error occurred finding and executing extension method "Count" for type "Umbraco.Web.Models.DynamicPublishedContent". Types searched for extension methods were Umbraco.Web.Models.DynamicPublishedContent.
System.MissingMethodException: Method 'Umbraco.Web.Models.DynamicPublishedContent.Count' not found.
   at Umbraco.Core.Dynamics.DynamicInstanceHelper.FindAndExecuteExtensionMethod[T](IRuntimeCacheProvider runtimeCache, T thisObject, Object[] args, String name, IEnumerable`1 findMethodsOnTypes)
   at Umbraco.Core.Dynamics.DynamicInstanceHelper.TryInvokeMember[T](IRuntimeCacheProvider runtimeCache, T thisObject, InvokeMemberBinder binder, Object[] args, IEnumerable`1 findExtensionMethodsOnTypes)
 2017-08-22 10:56:39,768 [P4824/D4/T32] ERROR Umbraco.Core.Dynamics.DynamicInstanceHelper - An error occurred finding and executing extension method "Count" for type "Umbraco.Web.Models.DynamicPublishedContent". Types searched for extension methods were Umbraco.Web.Models.DynamicPublishedContent.
System.MissingMethodException: Method 'Umbraco.Web.Models.DynamicPublishedContent.Count' not found.
   at Umbraco.Core.Dynamics.DynamicInstanceHelper.FindAndExecuteExtensionMethod[T](IRuntimeCacheProvider runtimeCache, T thisObject, Object[] args, String name, IEnumerable`1 findMethodsOnTypes)
   at Umbraco.Core.Dynamics.DynamicInstanceHelper.TryInvokeMember[T](IRuntimeCacheProvider runtimeCache, T thisObject, InvokeMemberBinder binder, Object[] args, IEnumerable`1 findExtensionMethodsOnTypes)
 2017-08-22 10:56:39,770 [P4824/D4/T32] ERROR Umbraco.Core.Dynamics.DynamicInstanceHelper - An error occurred finding and executing extension method "Count" for type "Umbraco.Web.Models.DynamicPublishedContent". Types searched for extension methods were Umbraco.Web.Models.DynamicPublishedContent.
System.MissingMethodException: Method 'Umbraco.Web.Models.DynamicPublishedContent.Count' not found.
   at Umbraco.Core.Dynamics.DynamicInstanceHelper.FindAndExecuteExtensionMethod[T](IRuntimeCacheProvider runtimeCache, T thisObject, Object[] args, String name, IEnumerable`1 findMethodsOnTypes)
   at Umbraco.Core.Dynamics.DynamicInstanceHelper.TryInvokeMember[T](IRuntimeCacheProvider runtimeCache, T thisObject, InvokeMemberBinder binder, Object[] args, IEnumerable`1 findExtensionMethodsOnTypes)
 2017-08-22 10:57:54,549 [P4824/D4/T39] ERROR Umbraco.Core.Dynamics.DynamicInstanceHelper - An error occurred finding and executing extension method "Count" for type "Umbraco.Web.Models.DynamicPublishedContent". Types searched for extension methods were Umbraco.Web.Models.DynamicPublishedContent.
System.MissingMethodException: Method 'Umbraco.Web.Models.DynamicPublishedContent.Count' not found.
   at Umbraco.Core.Dynamics.DynamicInstanceHelper.FindAndExecuteExtensionMethod[T](IRuntimeCacheProvider runtimeCache, T thisObject, Object[] args, String name, IEnumerable`1 findMethodsOnTypes)
   at Umbraco.Core.Dynamics.DynamicInstanceHelper.TryInvokeMember[T](IRuntimeCacheProvider runtimeCache, T thisObject, InvokeMemberBinder binder, Object[] args, IEnumerable`1 findExtensionMethodsOnTypes)
 2017-08-22 10:57:54,574 [P4824/D4/T39] ERROR Umbraco.Core.Dynamics.DynamicInstanceHelper - An error occurred finding and executing extension method "Count" for type "Umbraco.Web.Models.DynamicPublishedContent". Types searched for extension methods were Umbraco.Web.Models.DynamicPublishedContent.
System.MissingMethodException: Method 'Umbraco.Web.Models.DynamicPublishedContent.Count' not found.
   at Umbraco.Core.Dynamics.DynamicInstanceHelper.FindAndExecuteExtensionMethod[T](IRuntimeCacheProvider runtimeCache, T thisObject, Object[] args, String name, IEnumerable`1 findMethodsOnTypes)
   at Umbraco.Core.Dynamics.DynamicInstanceHelper.TryInvokeMember[T](IRuntimeCacheProvider runtimeCache, T thisObject, InvokeMemberBinder binder, Object[] args, IEnumerable`1 findExtensionMethodsOnTypes)
 2017-08-22 10:57:54,575 [P4824/D4/T39] ERROR Umbraco.Core.Dynamics.DynamicInstanceHelper - An error occurred finding and executing extension method "Count" for type "Umbraco.Web.Models.DynamicPublishedContent". Types searched for extension methods were Umbraco.Web.Models.DynamicPublishedContent.
System.MissingMethodException: Method 'Umbraco.Web.Models.DynamicPublishedContent.Count' not found.
   at Umbraco.Core.Dynamics.DynamicInstanceHelper.FindAndExecuteExtensionMethod[T](IRuntimeCacheProvider runtimeCache, T thisObject, Object[] args, String name, IEnumerable`1 findMethodsOnTypes)
   at Umbraco.Core.Dynamics.DynamicInstanceHelper.TryInvokeMember[T](IRuntimeCacheProvider runtimeCache, T thisObject, InvokeMemberBinder binder, Object[] args, IEnumerable`1 findExtensionMethodsOnTypes)
 2017-08-22 10:57:54,577 [P4824/D4/T39] ERROR Umbraco.Core.Dynamics.DynamicInstanceHelper - An error occurred finding and executing extension method "Count" for type "Umbraco.Web.Models.DynamicPublishedContent". Types searched for extension methods were Umbraco.Web.Models.DynamicPublishedContent.
System.MissingMethodException: Method 'Umbraco.Web.Models.DynamicPublishedContent.Count' not found.
   at Umbraco.Core.Dynamics.DynamicInstanceHelper.FindAndExecuteExtensionMethod[T](IRuntimeCacheProvider runtimeCache, T thisObject, Object[] args, String name, IEnumerable`1 findMethodsOnTypes)
   at Umbraco.Core.Dynamics.DynamicInstanceHelper.TryInvokeMember[T](IRuntimeCacheProvider runtimeCache, T thisObject, InvokeMemberBinder binder, Object[] args, IEnumerable`1 findExtensionMethodsOnTypes)
 2017-08-22 10:57:56,785 [P4824/D4/T26] ERROR Umbraco.Core.Dynamics.DynamicInstanceHelper - An error occurred finding and executing extension method "Count" for type "Umbraco.Web.Models.DynamicPublishedContent". Types searched for extension methods were Umbraco.Web.Models.DynamicPublishedContent.
System.MissingMethodException: Method 'Umbraco.Web.Models.DynamicPublishedContent.Count' not found.
   at Umbraco.Core.Dynamics.DynamicInstanceHelper.FindAndExecuteExtensionMethod[T](IRuntimeCacheProvider runtimeCache, T thisObject, Object[] args, String name, IEnumerable`1 findMethodsOnTypes)
   at Umbraco.Core.Dynamics.DynamicInstanceHelper.TryInvokeMember[T](IRuntimeCacheProvider runtimeCache, T thisObject, InvokeMemberBinder binder, Object[] args, IEnumerable`1 findExtensionMethodsOnTypes)
 2017-08-22 10:57:56,790 [P4824/D4/T26] ERROR Umbraco.Core.Dynamics.DynamicInstanceHelper - An error occurred finding and executing extension method "Count" for type "Umbraco.Web.Models.DynamicPublishedContent". Types searched for extension methods were Umbraco.Web.Models.DynamicPublishedContent.
System.MissingMethodException: Method 'Umbraco.Web.Models.DynamicPublishedContent.Count' not found.
   at Umbraco.Core.Dynamics.DynamicInstanceHelper.FindAndExecuteExtensionMethod[T](IRuntimeCacheProvider runtimeCache, T thisObject, Object[] args, String name, IEnumerable`1 findMethodsOnTypes)
   at Umbraco.Core.Dynamics.DynamicInstanceHelper.TryInvokeMember[T](IRuntimeCacheProvider runtimeCache, T thisObject, InvokeMemberBinder binder, Object[] args, IEnumerable`1 findExtensionMethodsOnTypes)
 2017-08-22 10:57:56,794 [P4824/D4/T26] ERROR Umbraco.Core.Dynamics.DynamicInstanceHelper - An error occurred finding and executing extension method "Count" for type "Umbraco.Web.Models.DynamicPublishedContent". Types searched for extension methods were Umbraco.Web.Models.DynamicPublishedContent.
System.MissingMethodException: Method 'Umbraco.Web.Models.DynamicPublishedContent.Count' not found.
   at Umbraco.Core.Dynamics.DynamicInstanceHelper.FindAndExecuteExtensionMethod[T](IRuntimeCacheProvider runtimeCache, T thisObject, Object[] args, String name, IEnumerable`1 findMethodsOnTypes)
   at Umbraco.Core.Dynamics.DynamicInstanceHelper.TryInvokeMember[T](IRuntimeCacheProvider runtimeCache, T thisObject, InvokeMemberBinder binder, Object[] args, IEnumerable`1 findExtensionMethodsOnTypes)
 2017-08-22 10:57:56,797 [P4824/D4/T26] ERROR Umbraco.Core.Dynamics.DynamicInstanceHelper - An error occurred finding and executing extension method "Count" for type "Umbraco.Web.Models.DynamicPublishedContent". Types searched for extension methods were Umbraco.Web.Models.DynamicPublishedContent.
System.MissingMethodException: Method 'Umbraco.Web.Models.DynamicPublishedContent.Count' not found.
   at Umbraco.Core.Dynamics.DynamicInstanceHelper.FindAndExecuteExtensionMethod[T](IRuntimeCacheProvider runtimeCache, T thisObject, Object[] args, String name, IEnumerable`1 findMethodsOnTypes)
   at Umbraco.Core.Dynamics.DynamicInstanceHelper.TryInvokeMember[T](IRuntimeCacheProvider runtimeCache, T thisObject, InvokeMemberBinder binder, Object[] args, IEnumerable`1 findExtensionMethodsOnTypes)
 2017-08-22 10:58:48,300 [P4824/D4/T78] ERROR Umbraco.Core.UmbracoApplicationBase - An unhandled exception occurred
System.Web.HttpCompileException (0x80004005): c:\Users\Elev\Documents\Work - arbejdskomputer\Umbraco\CarouselApplication\CarouselApplication\Views\Home.cshtml(62): error CS0136: A local variable named 'activity' cannot be declared in this scope because it would give a different meaning to 'activity', which is already used in a 'parent or current' scope to denote something else
   at System.Web.Compilation.AssemblyBuilder.Compile()
   at System.Web.Compilation.BuildProvidersCompiler.PerformBuild()
   at System.Web.Compilation.BuildManager.CompileWebFile(VirtualPath virtualPath)
   at System.Web.Compilation.BuildManager.GetVPathBuildResultInternal(VirtualPath virtualPath, Boolean noBuild, Boolean allowCrossApp, Boolean allowBuildInPrecompile, Boolean throwIfNotFound, Boolean ensureIsUpToDate)
   at System.Web.Compilation.BuildManager.GetVPathBuildResultWithNoAssert(HttpContext context, VirtualPath virtualPath, Boolean noBuild, Boolean allowCrossApp, Boolean allowBuildInPrecompile, Boolean throwIfNotFound, Boolean ensureIsUpToDate)
   at System.Web.Compilation.BuildManager.GetVirtualPathObjectFactory(VirtualPath virtualPath, HttpContext context, Boolean allowCrossApp, Boolean throwIfNotFound)
   at System.Web.Compilation.BuildManager.GetCompiledType(VirtualPath virtualPath)
   at System.Web.Compilation.BuildManager.GetCompiledType(String virtualPath)
   at System.Web.Mvc.BuildManagerWrapper.System.Web.Mvc.IBuildManager.GetCompiledType(String virtualPath)
   at System.Web.Mvc.BuildManagerCompiledView.Render(ViewContext viewContext, TextWriter writer)
   at Umbraco.Core.Profiling.ProfilingView.Render(ViewContext viewContext, TextWriter writer)
   at System.Web.Mvc.ViewResultBase.ExecuteResult(ControllerContext context)
   at System.Web.Mvc.ControllerActionInvoker.InvokeActionResult(ControllerContext controllerContext, ActionResult actionResult)
   at System.Web.Mvc.ControllerActionInvoker.InvokeActionResultFilterRecursive(IList`1 filters, Int32 filterIndex, ResultExecutingContext preContext, ControllerContext controllerContext, ActionResult actionResult)
   at System.Web.Mvc.ControllerActionInvoker.InvokeActionResultFilterRecursive(IList`1 filters, Int32 filterIndex, ResultExecutingContext preContext, ControllerContext controllerContext, ActionResult actionResult)
   at System.Web.Mvc.ControllerActionInvoker.InvokeActionResultFilterRecursive(IList`1 filters, Int32 filterIndex, ResultExecutingContext preContext, ControllerContext controllerContext, ActionResult actionResult)
   at System.Web.Mvc.ControllerActionInvoker.InvokeActionResultFilterRecursive(IList`1 filters, Int32 filterIndex, ResultExecutingContext preContext, ControllerContext controllerContext, ActionResult actionResult)
   at System.Web.Mvc.ControllerActionInvoker.InvokeActionResultWithFilters(ControllerContext controllerContext, IList`1 filters, ActionResult actionResult)
   at System.Web.Mvc.Async.AsyncControllerActionInvoker.<>c__DisplayClass21.<>c__DisplayClass2b.<BeginInvokeAction>b__1c()
   at System.Web.Mvc.Async.AsyncControllerActionInvoker.<>c__DisplayClass21.<BeginInvokeAction>b__1e(IAsyncResult asyncResult)
   at System.Web.Mvc.Async.AsyncResultWrapper.WrappedAsyncResult`1.CallEndDelegate(IAsyncResult asyncResult)
   at System.Web.Mvc.Async.AsyncResultWrapper.WrappedAsyncResultBase`1.End()
   at System.Web.Mvc.Async.AsyncControllerActionInvoker.EndInvokeAction(IAsyncResult asyncResult)
   at System.Web.Mvc.Controller.<BeginExecuteCore>b__1d(IAsyncResult asyncResult, ExecuteCoreState innerState)
   at System.Web.Mvc.Async.AsyncResultWrapper.WrappedAsyncVoid`1.CallEndDelegate(IAsyncResult asyncResult)
   at System.Web.Mvc.Async.AsyncResultWrapper.WrappedAsyncResultBase`1.End()
   at System.Web.Mvc.Controller.EndExecuteCore(IAsyncResult asyncResult)
   at System.Web.Mvc.Controller.<BeginExecute>b__15(IAsyncResult asyncResult, Controller controller)
   at System.Web.Mvc.Async.AsyncResultWrapper.WrappedAsyncVoid`1.CallEndDelegate(IAsyncResult asyncResult)
   at System.Web.Mvc.Async.AsyncResultWrapper.WrappedAsyncResultBase`1.End()
   at System.Web.Mvc.Controller.EndExecute(IAsyncResult asyncResult)
   at System.Web.Mvc.Controller.System.Web.Mvc.Async.IAsyncController.EndExecute(IAsyncResult asyncResult)
   at System.Web.Mvc.MvcHandler.<BeginProcessRequest>b__5(IAsyncResult asyncResult, ProcessRequestState innerState)
   at System.Web.Mvc.Async.AsyncResultWrapper.WrappedAsyncVoid`1.CallEndDelegate(IAsyncResult asyncResult)
   at System.Web.Mvc.Async.AsyncResultWrapper.WrappedAsyncResultBase`1.End()
   at System.Web.Mvc.MvcHandler.EndProcessRequest(IAsyncResult asyncResult)
   at System.Web.Mvc.MvcHandler.System.Web.IHttpAsyncHandler.EndProcessRequest(IAsyncResult result)
   at System.Web.HttpApplication.CallHandlerExecutionStep.System.Web.HttpApplication.IExecutionStep.Execute()
   at System.Web.HttpApplication.ExecuteStep(IExecutionStep step, Boolean& completedSynchronously)
 2017-08-22 10:59:18,539 [P4824/D4/T16] ERROR Umbraco.Core.Dynamics.DynamicInstanceHelper - An error occurred finding and executing extension method "Count" for type "Umbraco.Web.Models.DynamicPublishedContent". Types searched for extension methods were Umbraco.Web.Models.DynamicPublishedContent.
System.MissingMethodException: Method 'Umbraco.Web.Models.DynamicPublishedContent.Count' not found.
   at Umbraco.Core.Dynamics.DynamicInstanceHelper.FindAndExecuteExtensionMethod[T](IRuntimeCacheProvider runtimeCache, T thisObject, Object[] args, String name, IEnumerable`1 findMethodsOnTypes)
   at Umbraco.Core.Dynamics.DynamicInstanceHelper.TryInvokeMember[T](IRuntimeCacheProvider runtimeCache, T thisObject, InvokeMemberBinder binder, Object[] args, IEnumerable`1 findExtensionMethodsOnTypes)
 2017-08-22 10:59:18,561 [P4824/D4/T16] ERROR Umbraco.Core.Dynamics.DynamicInstanceHelper - An error occurred finding and executing extension method "Count" for type "Umbraco.Web.Models.DynamicPublishedContent". Types searched for extension methods were Umbraco.Web.Models.DynamicPublishedContent.
System.MissingMethodException: Method 'Umbraco.Web.Models.DynamicPublishedContent.Count' not found.
   at Umbraco.Core.Dynamics.DynamicInstanceHelper.FindAndExecuteExtensionMethod[T](IRuntimeCacheProvider runtimeCache, T thisObject, Object[] args, String name, IEnumerable`1 findMethodsOnTypes)
   at Umbraco.Core.Dynamics.DynamicInstanceHelper.TryInvokeMember[T](IRuntimeCacheProvider runtimeCache, T thisObject, InvokeMemberBinder binder, Object[] args, IEnumerable`1 findExtensionMethodsOnTypes)
 2017-08-22 10:59:18,562 [P4824/D4/T16] ERROR Umbraco.Core.Dynamics.DynamicInstanceHelper - An error occurred finding and executing extension method "Count" for type "Umbraco.Web.Models.DynamicPublishedContent". Types searched for extension methods were Umbraco.Web.Models.DynamicPublishedContent.
System.MissingMethodException: Method 'Umbraco.Web.Models.DynamicPublishedContent.Count' not found.
   at Umbraco.Core.Dynamics.DynamicInstanceHelper.FindAndExecuteExtensionMethod[T](IRuntimeCacheProvider runtimeCache, T thisObject, Object[] args, String name, IEnumerable`1 findMethodsOnTypes)
   at Umbraco.Core.Dynamics.DynamicInstanceHelper.TryInvokeMember[T](IRuntimeCacheProvider runtimeCache, T thisObject, InvokeMemberBinder binder, Object[] args, IEnumerable`1 findExtensionMethodsOnTypes)
 2017-08-22 10:59:18,563 [P4824/D4/T16] ERROR Umbraco.Core.Dynamics.DynamicInstanceHelper - An error occurred finding and executing extension method "Count" for type "Umbraco.Web.Models.DynamicPublishedContent". Types searched for extension methods were Umbraco.Web.Models.DynamicPublishedContent.
System.MissingMethodException: Method 'Umbraco.Web.Models.DynamicPublishedContent.Count' not found.
   at Umbraco.Core.Dynamics.DynamicInstanceHelper.FindAndExecuteExtensionMethod[T](IRuntimeCacheProvider runtimeCache, T thisObject, Object[] args, String name, IEnumerable`1 findMethodsOnTypes)
   at Umbraco.Core.Dynamics.DynamicInstanceHelper.TryInvokeMember[T](IRuntimeCacheProvider runtimeCache, T thisObject, InvokeMemberBinder binder, Object[] args, IEnumerable`1 findExtensionMethodsOnTypes)
 2017-08-22 10:59:41,585 [P4824/D4/T110] ERROR Umbraco.Core.Dynamics.DynamicInstanceHelper - An error occurred finding and executing extension method "Count" for type "Umbraco.Web.Models.DynamicPublishedContent". Types searched for extension methods were Umbraco.Web.Models.DynamicPublishedContent.
System.MissingMethodException: Method 'Umbraco.Web.Models.DynamicPublishedContent.Count' not found.
   at Umbraco.Core.Dynamics.DynamicInstanceHelper.FindAndExecuteExtensionMethod[T](IRuntimeCacheProvider runtimeCache, T thisObject, Object[] args, String name, IEnumerable`1 findMethodsOnTypes)
   at Umbraco.Core.Dynamics.DynamicInstanceHelper.TryInvokeMember[T](IRuntimeCacheProvider runtimeCache, T thisObject, InvokeMemberBinder binder, Object[] args, IEnumerable`1 findExtensionMethodsOnTypes)
 2017-08-22 10:59:41,609 [P4824/D4/T110] ERROR Umbraco.Core.Dynamics.DynamicInstanceHelper - An error occurred finding and executing extension method "Count" for type "Umbraco.Web.Models.DynamicPublishedContent". Types searched for extension methods were Umbraco.Web.Models.DynamicPublishedContent.
System.MissingMethodException: Method 'Umbraco.Web.Models.DynamicPublishedContent.Count' not found.
   at Umbraco.Core.Dynamics.DynamicInstanceHelper.FindAndExecuteExtensionMethod[T](IRuntimeCacheProvider runtimeCache, T thisObject, Object[] args, String name, IEnumerable`1 findMethodsOnTypes)
   at Umbraco.Core.Dynamics.DynamicInstanceHelper.TryInvokeMember[T](IRuntimeCacheProvider runtimeCache, T thisObject, InvokeMemberBinder binder, Object[] args, IEnumerable`1 findExtensionMethodsOnTypes)
 2017-08-22 10:59:41,610 [P4824/D4/T110] ERROR Umbraco.Core.Dynamics.DynamicInstanceHelper - An error occurred finding and executing extension method "Count" for type "Umbraco.Web.Models.DynamicPublishedContent". Types searched for extension methods were Umbraco.Web.Models.DynamicPublishedContent.
System.MissingMethodException: Method 'Umbraco.Web.Models.DynamicPublishedContent.Count' not found.
   at Umbraco.Core.Dynamics.DynamicInstanceHelper.FindAndExecuteExtensionMethod[T](IRuntimeCacheProvider runtimeCache, T thisObject, Object[] args, String name, IEnumerable`1 findMethodsOnTypes)
   at Umbraco.Core.Dynamics.DynamicInstanceHelper.TryInvokeMember[T](IRuntimeCacheProvider runtimeCache, T thisObject, InvokeMemberBinder binder, Object[] args, IEnumerable`1 findExtensionMethodsOnTypes)
 2017-08-22 10:59:41,612 [P4824/D4/T110] ERROR Umbraco.Core.Dynamics.DynamicInstanceHelper - An error occurred finding and executing extension method "Count" for type "Umbraco.Web.Models.DynamicPublishedContent". Types searched for extension methods were Umbraco.Web.Models.DynamicPublishedContent.
System.MissingMethodException: Method 'Umbraco.Web.Models.DynamicPublishedContent.Count' not found.
   at Umbraco.Core.Dynamics.DynamicInstanceHelper.FindAndExecuteExtensionMethod[T](IRuntimeCacheProvider runtimeCache, T thisObject, Object[] args, String name, IEnumerable`1 findMethodsOnTypes)
   at Umbraco.Core.Dynamics.DynamicInstanceHelper.TryInvokeMember[T](IRuntimeCacheProvider runtimeCache, T thisObject, InvokeMemberBinder binder, Object[] args, IEnumerable`1 findExtensionMethodsOnTypes)
 2017-08-22 11:00:21,492 [P4824/D4/T111] ERROR Umbraco.Core.Dynamics.DynamicInstanceHelper - An error occurred finding and executing extension method "Count" for type "Umbraco.Web.Models.DynamicPublishedContent". Types searched for extension methods were Umbraco.Web.Models.DynamicPublishedContent.
System.MissingMethodException: Method 'Umbraco.Web.Models.DynamicPublishedContent.Count' not found.
   at Umbraco.Core.Dynamics.DynamicInstanceHelper.FindAndExecuteExtensionMethod[T](IRuntimeCacheProvider runtimeCache, T thisObject, Object[] args, String name, IEnumerable`1 findMethodsOnTypes)
   at Umbraco.Core.Dynamics.DynamicInstanceHelper.TryInvokeMember[T](IRuntimeCacheProvider runtimeCache, T thisObject, InvokeMemberBinder binder, Object[] args, IEnumerable`1 findExtensionMethodsOnTypes)
 2017-08-22 11:00:21,547 [P4824/D4/T111] ERROR Umbraco.Core.Dynamics.DynamicInstanceHelper - An error occurred finding and executing extension method "Count" for type "Umbraco.Web.Models.DynamicPublishedContent". Types searched for extension methods were Umbraco.Web.Models.DynamicPublishedContent.
System.MissingMethodException: Method 'Umbraco.Web.Models.DynamicPublishedContent.Count' not found.
   at Umbraco.Core.Dynamics.DynamicInstanceHelper.FindAndExecuteExtensionMethod[T](IRuntimeCacheProvider runtimeCache, T thisObject, Object[] args, String name, IEnumerable`1 findMethodsOnTypes)
   at Umbraco.Core.Dynamics.DynamicInstanceHelper.TryInvokeMember[T](IRuntimeCacheProvider runtimeCache, T thisObject, InvokeMemberBinder binder, Object[] args, IEnumerable`1 findExtensionMethodsOnTypes)
 2017-08-22 11:00:21,549 [P4824/D4/T111] ERROR Umbraco.Core.Dynamics.DynamicInstanceHelper - An error occurred finding and executing extension method "Count" for type "Umbraco.Web.Models.DynamicPublishedContent". Types searched for extension methods were Umbraco.Web.Models.DynamicPublishedContent.
System.MissingMethodException: Method 'Umbraco.Web.Models.DynamicPublishedContent.Count' not found.
   at Umbraco.Core.Dynamics.DynamicInstanceHelper.FindAndExecuteExtensionMethod[T](IRuntimeCacheProvider runtimeCache, T thisObject, Object[] args, String name, IEnumerable`1 findMethodsOnTypes)
   at Umbraco.Core.Dynamics.DynamicInstanceHelper.TryInvokeMember[T](IRuntimeCacheProvider runtimeCache, T thisObject, InvokeMemberBinder binder, Object[] args, IEnumerable`1 findExtensionMethodsOnTypes)
 2017-08-22 11:00:21,551 [P4824/D4/T111] ERROR Umbraco.Core.Dynamics.DynamicInstanceHelper - An error occurred finding and executing extension method "Count" for type "Umbraco.Web.Models.DynamicPublishedContent". Types searched for extension methods were Umbraco.Web.Models.DynamicPublishedContent.
System.MissingMethodException: Method 'Umbraco.Web.Models.DynamicPublishedContent.Count' not found.
   at Umbraco.Core.Dynamics.DynamicInstanceHelper.FindAndExecuteExtensionMethod[T](IRuntimeCacheProvider runtimeCache, T thisObject, Object[] args, String name, IEnumerable`1 findMethodsOnTypes)
   at Umbraco.Core.Dynamics.DynamicInstanceHelper.TryInvokeMember[T](IRuntimeCacheProvider runtimeCache, T thisObject, InvokeMemberBinder binder, Object[] args, IEnumerable`1 findExtensionMethodsOnTypes)
 2017-08-22 11:00:40,515 [P4824/D4/T8] ERROR Umbraco.Core.Dynamics.DynamicInstanceHelper - An error occurred finding and executing extension method "Count" for type "Umbraco.Web.Models.DynamicPublishedContent". Types searched for extension methods were Umbraco.Web.Models.DynamicPublishedContent.
System.MissingMethodException: Method 'Umbraco.Web.Models.DynamicPublishedContent.Count' not found.
   at Umbraco.Core.Dynamics.DynamicInstanceHelper.FindAndExecuteExtensionMethod[T](IRuntimeCacheProvider runtimeCache, T thisObject, Object[] args, String name, IEnumerable`1 findMethodsOnTypes)
   at Umbraco.Core.Dynamics.DynamicInstanceHelper.TryInvokeMember[T](IRuntimeCacheProvider runtimeCache, T thisObject, InvokeMemberBinder binder, Object[] args, IEnumerable`1 findExtensionMethodsOnTypes)
 2017-08-22 11:00:40,547 [P4824/D4/T8] ERROR Umbraco.Core.Dynamics.DynamicInstanceHelper - An error occurred finding and executing extension method "Count" for type "Umbraco.Web.Models.DynamicPublishedContent". Types searched for extension methods were Umbraco.Web.Models.DynamicPublishedContent.
System.MissingMethodException: Method 'Umbraco.Web.Models.DynamicPublishedContent.Count' not found.
   at Umbraco.Core.Dynamics.DynamicInstanceHelper.FindAndExecuteExtensionMethod[T](IRuntimeCacheProvider runtimeCache, T thisObject, Object[] args, String name, IEnumerable`1 findMethodsOnTypes)
   at Umbraco.Core.Dynamics.DynamicInstanceHelper.TryInvokeMember[T](IRuntimeCacheProvider runtimeCache, T thisObject, InvokeMemberBinder binder, Object[] args, IEnumerable`1 findExtensionMethodsOnTypes)
 2017-08-22 11:00:40,549 [P4824/D4/T8] ERROR Umbraco.Core.Dynamics.DynamicInstanceHelper - An error occurred finding and executing extension method "Count" for type "Umbraco.Web.Models.DynamicPublishedContent". Types searched for extension methods were Umbraco.Web.Models.DynamicPublishedContent.
System.MissingMethodException: Method 'Umbraco.Web.Models.DynamicPublishedContent.Count' not found.
   at Umbraco.Core.Dynamics.DynamicInstanceHelper.FindAndExecuteExtensionMethod[T](IRuntimeCacheProvider runtimeCache, T thisObject, Object[] args, String name, IEnumerable`1 findMethodsOnTypes)
   at Umbraco.Core.Dynamics.DynamicInstanceHelper.TryInvokeMember[T](IRuntimeCacheProvider runtimeCache, T thisObject, InvokeMemberBinder binder, Object[] args, IEnumerable`1 findExtensionMethodsOnTypes)
 2017-08-22 11:00:40,551 [P4824/D4/T8] ERROR Umbraco.Core.Dynamics.DynamicInstanceHelper - An error occurred finding and executing extension method "Count" for type "Umbraco.Web.Models.DynamicPublishedContent". Types searched for extension methods were Umbraco.Web.Models.DynamicPublishedContent.
System.MissingMethodException: Method 'Umbraco.Web.Models.DynamicPublishedContent.Count' not found.
   at Umbraco.Core.Dynamics.DynamicInstanceHelper.FindAndExecuteExtensionMethod[T](IRuntimeCacheProvider runtimeCache, T thisObject, Object[] args, String name, IEnumerable`1 findMethodsOnTypes)
   at Umbraco.Core.Dynamics.DynamicInstanceHelper.TryInvokeMember[T](IRuntimeCacheProvider runtimeCache, T thisObject, InvokeMemberBinder binder, Object[] args, IEnumerable`1 findExtensionMethodsOnTypes)
 2017-08-22 11:01:06,606 [P4824/D4/T5] ERROR Umbraco.Core.Dynamics.DynamicInstanceHelper - An error occurred finding and executing extension method "Count" for type "Umbraco.Web.Models.DynamicPublishedContent". Types searched for extension methods were Umbraco.Web.Models.DynamicPublishedContent.
System.MissingMethodException: Method 'Umbraco.Web.Models.DynamicPublishedContent.Count' not found.
   at Umbraco.Core.Dynamics.DynamicInstanceHelper.FindAndExecuteExtensionMethod[T](IRuntimeCacheProvider runtimeCache, T thisObject, Object[] args, String name, IEnumerable`1 findMethodsOnTypes)
   at Umbraco.Core.Dynamics.DynamicInstanceHelper.TryInvokeMember[T](IRuntimeCacheProvider runtimeCache, T thisObject, InvokeMemberBinder binder, Object[] args, IEnumerable`1 findExtensionMethodsOnTypes)
 2017-08-22 11:01:06,644 [P4824/D4/T5] ERROR Umbraco.Core.Dynamics.DynamicInstanceHelper - An error occurred finding and executing extension method "Count" for type "Umbraco.Web.Models.DynamicPublishedContent". Types searched for extension methods were Umbraco.Web.Models.DynamicPublishedContent.
System.MissingMethodException: Method 'Umbraco.Web.Models.DynamicPublishedContent.Count' not found.
   at Umbraco.Core.Dynamics.DynamicInstanceHelper.FindAndExecuteExtensionMethod[T](IRuntimeCacheProvider runtimeCache, T thisObject, Object[] args, String name, IEnumerable`1 findMethodsOnTypes)
   at Umbraco.Core.Dynamics.DynamicInstanceHelper.TryInvokeMember[T](IRuntimeCacheProvider runtimeCache, T thisObject, InvokeMemberBinder binder, Object[] args, IEnumerable`1 findExtensionMethodsOnTypes)
 2017-08-22 11:01:06,645 [P4824/D4/T5] ERROR Umbraco.Core.Dynamics.DynamicInstanceHelper - An error occurred finding and executing extension method "Count" for type "Umbraco.Web.Models.DynamicPublishedContent". Types searched for extension methods were Umbraco.Web.Models.DynamicPublishedContent.
System.MissingMethodException: Method 'Umbraco.Web.Models.DynamicPublishedContent.Count' not found.
   at Umbraco.Core.Dynamics.DynamicInstanceHelper.FindAndExecuteExtensionMethod[T](IRuntimeCacheProvider runtimeCache, T thisObject, Object[] args, String name, IEnumerable`1 findMethodsOnTypes)
   at Umbraco.Core.Dynamics.DynamicInstanceHelper.TryInvokeMember[T](IRuntimeCacheProvider runtimeCache, T thisObject, InvokeMemberBinder binder, Object[] args, IEnumerable`1 findExtensionMethodsOnTypes)
 2017-08-22 11:01:06,648 [P4824/D4/T5] ERROR Umbraco.Core.Dynamics.DynamicInstanceHelper - An error occurred finding and executing extension method "Count" for type "Umbraco.Web.Models.DynamicPublishedContent". Types searched for extension methods were Umbraco.Web.Models.DynamicPublishedContent.
System.MissingMethodException: Method 'Umbraco.Web.Models.DynamicPublishedContent.Count' not found.
   at Umbraco.Core.Dynamics.DynamicInstanceHelper.FindAndExecuteExtensionMethod[T](IRuntimeCacheProvider runtimeCache, T thisObject, Object[] args, String name, IEnumerable`1 findMethodsOnTypes)
   at Umbraco.Core.Dynamics.DynamicInstanceHelper.TryInvokeMember[T](IRuntimeCacheProvider runtimeCache, T thisObject, InvokeMemberBinder binder, Object[] args, IEnumerable`1 findExtensionMethodsOnTypes)
 2017-08-22 11:01:19,021 [P4824/D4/T12] ERROR Umbraco.Core.Dynamics.DynamicInstanceHelper - An error occurred finding and executing extension method "Count" for type "Umbraco.Web.Models.DynamicPublishedContent". Types searched for extension methods were Umbraco.Web.Models.DynamicPublishedContent.
System.MissingMethodException: Method 'Umbraco.Web.Models.DynamicPublishedContent.Count' not found.
   at Umbraco.Core.Dynamics.DynamicInstanceHelper.FindAndExecuteExtensionMethod[T](IRuntimeCacheProvider runtimeCache, T thisObject, Object[] args, String name, IEnumerable`1 findMethodsOnTypes)
   at Umbraco.Core.Dynamics.DynamicInstanceHelper.TryInvokeMember[T](IRuntimeCacheProvider runtimeCache, T thisObject, InvokeMemberBinder binder, Object[] args, IEnumerable`1 findExtensionMethodsOnTypes)
 2017-08-22 11:01:19,052 [P4824/D4/T12] ERROR Umbraco.Core.Dynamics.DynamicInstanceHelper - An error occurred finding and executing extension method "Count" for type "Umbraco.Web.Models.DynamicPublishedContent". Types searched for extension methods were Umbraco.Web.Models.DynamicPublishedContent.
System.MissingMethodException: Method 'Umbraco.Web.Models.DynamicPublishedContent.Count' not found.
   at Umbraco.Core.Dynamics.DynamicInstanceHelper.FindAndExecuteExtensionMethod[T](IRuntimeCacheProvider runtimeCache, T thisObject, Object[] args, String name, IEnumerable`1 findMethodsOnTypes)
   at Umbraco.Core.Dynamics.DynamicInstanceHelper.TryInvokeMember[T](IRuntimeCacheProvider runtimeCache, T thisObject, InvokeMemberBinder binder, Object[] args, IEnumerable`1 findExtensionMethodsOnTypes)
 2017-08-22 11:01:19,053 [P4824/D4/T12] ERROR Umbraco.Core.Dynamics.DynamicInstanceHelper - An error occurred finding and executing extension method "Count" for type "Umbraco.Web.Models.DynamicPublishedContent". Types searched for extension methods were Umbraco.Web.Models.DynamicPublishedContent.
System.MissingMethodException: Method 'Umbraco.Web.Models.DynamicPublishedContent.Count' not found.
   at Umbraco.Core.Dynamics.DynamicInstanceHelper.FindAndExecuteExtensionMethod[T](IRuntimeCacheProvider runtimeCache, T thisObject, Object[] args, String name, IEnumerable`1 findMethodsOnTypes)
   at Umbraco.Core.Dynamics.DynamicInstanceHelper.TryInvokeMember[T](IRuntimeCacheProvider runtimeCache, T thisObject, InvokeMemberBinder binder, Object[] args, IEnumerable`1 findExtensionMethodsOnTypes)
 2017-08-22 11:01:19,055 [P4824/D4/T12] ERROR Umbraco.Core.Dynamics.DynamicInstanceHelper - An error occurred finding and executing extension method "Count" for type "Umbraco.Web.Models.DynamicPublishedContent". Types searched for extension methods were Umbraco.Web.Models.DynamicPublishedContent.
System.MissingMethodException: Method 'Umbraco.Web.Models.DynamicPublishedContent.Count' not found.
   at Umbraco.Core.Dynamics.DynamicInstanceHelper.FindAndExecuteExtensionMethod[T](IRuntimeCacheProvider runtimeCache, T thisObject, Object[] args, String name, IEnumerable`1 findMethodsOnTypes)
   at Umbraco.Core.Dynamics.DynamicInstanceHelper.TryInvokeMember[T](IRuntimeCacheProvider runtimeCache, T thisObject, InvokeMemberBinder binder, Object[] args, IEnumerable`1 findExtensionMethodsOnTypes)
 2017-08-22 11:01:43,657 [P4824/D4/T114] ERROR Umbraco.Core.Dynamics.DynamicInstanceHelper - An error occurred finding and executing extension method "Count" for type "Umbraco.Web.Models.DynamicPublishedContent". Types searched for extension methods were Umbraco.Web.Models.DynamicPublishedContent.
System.MissingMethodException: Method 'Umbraco.Web.Models.DynamicPublishedContent.Count' not found.
   at Umbraco.Core.Dynamics.DynamicInstanceHelper.FindAndExecuteExtensionMethod[T](IRuntimeCacheProvider runtimeCache, T thisObject, Object[] args, String name, IEnumerable`1 findMethodsOnTypes)
   at Umbraco.Core.Dynamics.DynamicInstanceHelper.TryInvokeMember[T](IRuntimeCacheProvider runtimeCache, T thisObject, InvokeMemberBinder binder, Object[] args, IEnumerable`1 findExtensionMethodsOnTypes)
 2017-08-22 11:01:43,691 [P4824/D4/T114] ERROR Umbraco.Core.Dynamics.DynamicInstanceHelper - An error occurred finding and executing extension method "Count" for type "Umbraco.Web.Models.DynamicPublishedContent". Types searched for extension methods were Umbraco.Web.Models.DynamicPublishedContent.
System.MissingMethodException: Method 'Umbraco.Web.Models.DynamicPublishedContent.Count' not found.
   at Umbraco.Core.Dynamics.DynamicInstanceHelper.FindAndExecuteExtensionMethod[T](IRuntimeCacheProvider runtimeCache, T thisObject, Object[] args, String name, IEnumerable`1 findMethodsOnTypes)
   at Umbraco.Core.Dynamics.DynamicInstanceHelper.TryInvokeMember[T](IRuntimeCacheProvider runtimeCache, T thisObject, InvokeMemberBinder binder, Object[] args, IEnumerable`1 findExtensionMethodsOnTypes)
 2017-08-22 11:01:43,694 [P4824/D4/T114] ERROR Umbraco.Core.Dynamics.DynamicInstanceHelper - An error occurred finding and executing extension method "Count" for type "Umbraco.Web.Models.DynamicPublishedContent". Types searched for extension methods were Umbraco.Web.Models.DynamicPublishedContent.
System.MissingMethodException: Method 'Umbraco.Web.Models.DynamicPublishedContent.Count' not found.
   at Umbraco.Core.Dynamics.DynamicInstanceHelper.FindAndExecuteExtensionMethod[T](IRuntimeCacheProvider runtimeCache, T thisObject, Object[] args, String name, IEnumerable`1 findMethodsOnTypes)
   at Umbraco.Core.Dynamics.DynamicInstanceHelper.TryInvokeMember[T](IRuntimeCacheProvider runtimeCache, T thisObject, InvokeMemberBinder binder, Object[] args, IEnumerable`1 findExtensionMethodsOnTypes)
 2017-08-22 11:01:43,698 [P4824/D4/T114] ERROR Umbraco.Core.Dynamics.DynamicInstanceHelper - An error occurred finding and executing extension method "Count" for type "Umbraco.Web.Models.DynamicPublishedContent". Types searched for extension methods were Umbraco.Web.Models.DynamicPublishedContent.
System.MissingMethodException: Method 'Umbraco.Web.Models.DynamicPublishedContent.Count' not found.
   at Umbraco.Core.Dynamics.DynamicInstanceHelper.FindAndExecuteExtensionMethod[T](IRuntimeCacheProvider runtimeCache, T thisObject, Object[] args, String name, IEnumerable`1 findMethodsOnTypes)
   at Umbraco.Core.Dynamics.DynamicInstanceHelper.TryInvokeMember[T](IRuntimeCacheProvider runtimeCache, T thisObject, InvokeMemberBinder binder, Object[] args, IEnumerable`1 findExtensionMethodsOnTypes)
 2017-08-22 11:03:42,448 [P4824/D4/T114] ERROR Umbraco.Core.Dynamics.DynamicInstanceHelper - An error occurred finding and executing extension method "Count" for type "Umbraco.Web.Models.DynamicPublishedContent". Types searched for extension methods were Umbraco.Web.Models.DynamicPublishedContent.
System.MissingMethodException: Method 'Umbraco.Web.Models.DynamicPublishedContent.Count' not found.
   at Umbraco.Core.Dynamics.DynamicInstanceHelper.FindAndExecuteExtensionMethod[T](IRuntimeCacheProvider runtimeCache, T thisObject, Object[] args, String name, IEnumerable`1 findMethodsOnTypes)
   at Umbraco.Core.Dynamics.DynamicInstanceHelper.TryInvokeMember[T](IRuntimeCacheProvider runtimeCache, T thisObject, InvokeMemberBinder binder, Object[] args, IEnumerable`1 findExtensionMethodsOnTypes)
 2017-08-22 11:03:42,478 [P4824/D4/T114] ERROR Umbraco.Core.Dynamics.DynamicInstanceHelper - An error occurred finding and executing extension method "Count" for type "Umbraco.Web.Models.DynamicPublishedContent". Types searched for extension methods were Umbraco.Web.Models.DynamicPublishedContent.
System.MissingMethodException: Method 'Umbraco.Web.Models.DynamicPublishedContent.Count' not found.
   at Umbraco.Core.Dynamics.DynamicInstanceHelper.FindAndExecuteExtensionMethod[T](IRuntimeCacheProvider runtimeCache, T thisObject, Object[] args, String name, IEnumerable`1 findMethodsOnTypes)
   at Umbraco.Core.Dynamics.DynamicInstanceHelper.TryInvokeMember[T](IRuntimeCacheProvider runtimeCache, T thisObject, InvokeMemberBinder binder, Object[] args, IEnumerable`1 findExtensionMethodsOnTypes)
 2017-08-22 11:03:42,480 [P4824/D4/T114] ERROR Umbraco.Core.Dynamics.DynamicInstanceHelper - An error occurred finding and executing extension method "Count" for type "Umbraco.Web.Models.DynamicPublishedContent". Types searched for extension methods were Umbraco.Web.Models.DynamicPublishedContent.
System.MissingMethodException: Method 'Umbraco.Web.Models.DynamicPublishedContent.Count' not found.
   at Umbraco.Core.Dynamics.DynamicInstanceHelper.FindAndExecuteExtensionMethod[T](IRuntimeCacheProvider runtimeCache, T thisObject, Object[] args, String name, IEnumerable`1 findMethodsOnTypes)
   at Umbraco.Core.Dynamics.DynamicInstanceHelper.TryInvokeMember[T](IRuntimeCacheProvider runtimeCache, T thisObject, InvokeMemberBinder binder, Object[] args, IEnumerable`1 findExtensionMethodsOnTypes)
 2017-08-22 11:03:42,482 [P4824/D4/T114] ERROR Umbraco.Core.Dynamics.DynamicInstanceHelper - An error occurred finding and executing extension method "Count" for type "Umbraco.Web.Models.DynamicPublishedContent". Types searched for extension methods were Umbraco.Web.Models.DynamicPublishedContent.
System.MissingMethodException: Method 'Umbraco.Web.Models.DynamicPublishedContent.Count' not found.
   at Umbraco.Core.Dynamics.DynamicInstanceHelper.FindAndExecuteExtensionMethod[T](IRuntimeCacheProvider runtimeCache, T thisObject, Object[] args, String name, IEnumerable`1 findMethodsOnTypes)
   at Umbraco.Core.Dynamics.DynamicInstanceHelper.TryInvokeMember[T](IRuntimeCacheProvider runtimeCache, T thisObject, InvokeMemberBinder binder, Object[] args, IEnumerable`1 findExtensionMethodsOnTypes)
 2017-08-22 11:05:27,553 [P4824/D4/T87] ERROR Umbraco.Core.Dynamics.DynamicInstanceHelper - An error occurred finding and executing extension method "Count" for type "Umbraco.Web.Models.DynamicPublishedContent". Types searched for extension methods were Umbraco.Web.Models.DynamicPublishedContent.
System.MissingMethodException: Method 'Umbraco.Web.Models.DynamicPublishedContent.Count' not found.
   at Umbraco.Core.Dynamics.DynamicInstanceHelper.FindAndExecuteExtensionMethod[T](IRuntimeCacheProvider runtimeCache, T thisObject, Object[] args, String name, IEnumerable`1 findMethodsOnTypes)
   at Umbraco.Core.Dynamics.DynamicInstanceHelper.TryInvokeMember[T](IRuntimeCacheProvider runtimeCache, T thisObject, InvokeMemberBinder binder, Object[] args, IEnumerable`1 findExtensionMethodsOnTypes)
 2017-08-22 11:05:27,587 [P4824/D4/T87] ERROR Umbraco.Core.Dynamics.DynamicInstanceHelper - An error occurred finding and executing extension method "Count" for type "Umbraco.Web.Models.DynamicPublishedContent". Types searched for extension methods were Umbraco.Web.Models.DynamicPublishedContent.
System.MissingMethodException: Method 'Umbraco.Web.Models.DynamicPublishedContent.Count' not found.
   at Umbraco.Core.Dynamics.DynamicInstanceHelper.FindAndExecuteExtensionMethod[T](IRuntimeCacheProvider runtimeCache, T thisObject, Object[] args, String name, IEnumerable`1 findMethodsOnTypes)
   at Umbraco.Core.Dynamics.DynamicInstanceHelper.TryInvokeMember[T](IRuntimeCacheProvider runtimeCache, T thisObject, InvokeMemberBinder binder, Object[] args, IEnumerable`1 findExtensionMethodsOnTypes)
 2017-08-22 11:05:27,589 [P4824/D4/T87] ERROR Umbraco.Core.Dynamics.DynamicInstanceHelper - An error occurred finding and executing extension method "Count" for type "Umbraco.Web.Models.DynamicPublishedContent". Types searched for extension methods were Umbraco.Web.Models.DynamicPublishedContent.
System.MissingMethodException: Method 'Umbraco.Web.Models.DynamicPublishedContent.Count' not found.
   at Umbraco.Core.Dynamics.DynamicInstanceHelper.FindAndExecuteExtensionMethod[T](IRuntimeCacheProvider runtimeCache, T thisObject, Object[] args, String name, IEnumerable`1 findMethodsOnTypes)
   at Umbraco.Core.Dynamics.DynamicInstanceHelper.TryInvokeMember[T](IRuntimeCacheProvider runtimeCache, T thisObject, InvokeMemberBinder binder, Object[] args, IEnumerable`1 findExtensionMethodsOnTypes)
 2017-08-22 11:05:27,591 [P4824/D4/T87] ERROR Umbraco.Core.Dynamics.DynamicInstanceHelper - An error occurred finding and executing extension method "Count" for type "Umbraco.Web.Models.DynamicPublishedContent". Types searched for extension methods were Umbraco.Web.Models.DynamicPublishedContent.
System.MissingMethodException: Method 'Umbraco.Web.Models.DynamicPublishedContent.Count' not found.
   at Umbraco.Core.Dynamics.DynamicInstanceHelper.FindAndExecuteExtensionMethod[T](IRuntimeCacheProvider runtimeCache, T thisObject, Object[] args, String name, IEnumerable`1 findMethodsOnTypes)
   at Umbraco.Core.Dynamics.DynamicInstanceHelper.TryInvokeMember[T](IRuntimeCacheProvider runtimeCache, T thisObject, InvokeMemberBinder binder, Object[] args, IEnumerable`1 findExtensionMethodsOnTypes)
 2017-08-22 11:05:40,923 [P4824/D4/T78] ERROR Umbraco.Core.Dynamics.DynamicInstanceHelper - An error occurred finding and executing extension method "Count" for type "Umbraco.Web.Models.DynamicPublishedContent". Types searched for extension methods were Umbraco.Web.Models.DynamicPublishedContent.
System.MissingMethodException: Method 'Umbraco.Web.Models.DynamicPublishedContent.Count' not found.
   at Umbraco.Core.Dynamics.DynamicInstanceHelper.FindAndExecuteExtensionMethod[T](IRuntimeCacheProvider runtimeCache, T thisObject, Object[] args, String name, IEnumerable`1 findMethodsOnTypes)
   at Umbraco.Core.Dynamics.DynamicInstanceHelper.TryInvokeMember[T](IRuntimeCacheProvider runtimeCache, T thisObject, InvokeMemberBinder binder, Object[] args, IEnumerable`1 findExtensionMethodsOnTypes)
 2017-08-22 11:05:40,925 [P4824/D4/T78] ERROR Umbraco.Core.Dynamics.DynamicInstanceHelper - An error occurred finding and executing extension method "Count" for type "Umbraco.Web.Models.DynamicPublishedContent". Types searched for extension methods were Umbraco.Web.Models.DynamicPublishedContent.
System.MissingMethodException: Method 'Umbraco.Web.Models.DynamicPublishedContent.Count' not found.
   at Umbraco.Core.Dynamics.DynamicInstanceHelper.FindAndExecuteExtensionMethod[T](IRuntimeCacheProvider runtimeCache, T thisObject, Object[] args, String name, IEnumerable`1 findMethodsOnTypes)
   at Umbraco.Core.Dynamics.DynamicInstanceHelper.TryInvokeMember[T](IRuntimeCacheProvider runtimeCache, T thisObject, InvokeMemberBinder binder, Object[] args, IEnumerable`1 findExtensionMethodsOnTypes)
 2017-08-22 11:05:40,926 [P4824/D4/T78] ERROR Umbraco.Core.Dynamics.DynamicInstanceHelper - An error occurred finding and executing extension method "Count" for type "Umbraco.Web.Models.DynamicPublishedContent". Types searched for extension methods were Umbraco.Web.Models.DynamicPublishedContent.
System.MissingMethodException: Method 'Umbraco.Web.Models.DynamicPublishedContent.Count' not found.
   at Umbraco.Core.Dynamics.DynamicInstanceHelper.FindAndExecuteExtensionMethod[T](IRuntimeCacheProvider runtimeCache, T thisObject, Object[] args, String name, IEnumerable`1 findMethodsOnTypes)
   at Umbraco.Core.Dynamics.DynamicInstanceHelper.TryInvokeMember[T](IRuntimeCacheProvider runtimeCache, T thisObject, InvokeMemberBinder binder, Object[] args, IEnumerable`1 findExtensionMethodsOnTypes)
 2017-08-22 11:05:40,927 [P4824/D4/T78] ERROR Umbraco.Core.Dynamics.DynamicInstanceHelper - An error occurred finding and executing extension method "Count" for type "Umbraco.Web.Models.DynamicPublishedContent". Types searched for extension methods were Umbraco.Web.Models.DynamicPublishedContent.
System.MissingMethodException: Method 'Umbraco.Web.Models.DynamicPublishedContent.Count' not found.
   at Umbraco.Core.Dynamics.DynamicInstanceHelper.FindAndExecuteExtensionMethod[T](IRuntimeCacheProvider runtimeCache, T thisObject, Object[] args, String name, IEnumerable`1 findMethodsOnTypes)
   at Umbraco.Core.Dynamics.DynamicInstanceHelper.TryInvokeMember[T](IRuntimeCacheProvider runtimeCache, T thisObject, InvokeMemberBinder binder, Object[] args, IEnumerable`1 findExtensionMethodsOnTypes)
 2017-08-22 11:17:20,769 [P4824/D4/T15] ERROR Umbraco.Core.UmbracoApplicationBase - An unhandled exception occurred
System.Web.HttpCompileException (0x80004005): c:\Users\Elev\Documents\Work - arbejdskomputer\Umbraco\CarouselApplication\CarouselApplication\Views\Home.cshtml(59): error CS0128: A local variable named 'selection' is already defined in this scope
   at System.Web.Compilation.AssemblyBuilder.Compile()
   at System.Web.Compilation.BuildProvidersCompiler.PerformBuild()
   at System.Web.Compilation.BuildManager.CompileWebFile(VirtualPath virtualPath)
   at System.Web.Compilation.BuildManager.GetVPathBuildResultInternal(VirtualPath virtualPath, Boolean noBuild, Boolean allowCrossApp, Boolean allowBuildInPrecompile, Boolean throwIfNotFound, Boolean ensureIsUpToDate)
   at System.Web.Compilation.BuildManager.GetVPathBuildResultWithNoAssert(HttpContext context, VirtualPath virtualPath, Boolean noBuild, Boolean allowCrossApp, Boolean allowBuildInPrecompile, Boolean throwIfNotFound, Boolean ensureIsUpToDate)
   at System.Web.Compilation.BuildManager.GetVirtualPathObjectFactory(VirtualPath virtualPath, HttpContext context, Boolean allowCrossApp, Boolean throwIfNotFound)
   at System.Web.Compilation.BuildManager.GetCompiledType(VirtualPath virtualPath)
   at System.Web.Compilation.BuildManager.GetCompiledType(String virtualPath)
   at System.Web.Mvc.BuildManagerWrapper.System.Web.Mvc.IBuildManager.GetCompiledType(String virtualPath)
   at System.Web.Mvc.BuildManagerCompiledView.Render(ViewContext viewContext, TextWriter writer)
   at Umbraco.Core.Profiling.ProfilingView.Render(ViewContext viewContext, TextWriter writer)
   at System.Web.Mvc.ViewResultBase.ExecuteResult(ControllerContext context)
   at System.Web.Mvc.ControllerActionInvoker.InvokeActionResult(ControllerContext controllerContext, ActionResult actionResult)
   at System.Web.Mvc.ControllerActionInvoker.InvokeActionResultFilterRecursive(IList`1 filters, Int32 filterIndex, ResultExecutingContext preContext, ControllerContext controllerContext, ActionResult actionResult)
   at System.Web.Mvc.ControllerActionInvoker.InvokeActionResultFilterRecursive(IList`1 filters, Int32 filterIndex, ResultExecutingContext preContext, ControllerContext controllerContext, ActionResult actionResult)
   at System.Web.Mvc.ControllerActionInvoker.InvokeActionResultFilterRecursive(IList`1 filters, Int32 filterIndex, ResultExecutingContext preContext, ControllerContext controllerContext, ActionResult actionResult)
   at System.Web.Mvc.ControllerActionInvoker.InvokeActionResultFilterRecursive(IList`1 filters, Int32 filterIndex, ResultExecutingContext preContext, ControllerContext controllerContext, ActionResult actionResult)
   at System.Web.Mvc.ControllerActionInvoker.InvokeActionResultWithFilters(ControllerContext controllerContext, IList`1 filters, ActionResult actionResult)
   at System.Web.Mvc.Async.AsyncControllerActionInvoker.<>c__DisplayClass21.<>c__DisplayClass2b.<BeginInvokeAction>b__1c()
   at System.Web.Mvc.Async.AsyncControllerActionInvoker.<>c__DisplayClass21.<BeginInvokeAction>b__1e(IAsyncResult asyncResult)
   at System.Web.Mvc.Async.AsyncResultWrapper.WrappedAsyncResult`1.CallEndDelegate(IAsyncResult asyncResult)
   at System.Web.Mvc.Async.AsyncResultWrapper.WrappedAsyncResultBase`1.End()
   at System.Web.Mvc.Async.AsyncControllerActionInvoker.EndInvokeAction(IAsyncResult asyncResult)
   at System.Web.Mvc.Controller.<BeginExecuteCore>b__1d(IAsyncResult asyncResult, ExecuteCoreState innerState)
   at System.Web.Mvc.Async.AsyncResultWrapper.WrappedAsyncVoid`1.CallEndDelegate(IAsyncResult asyncResult)
   at System.Web.Mvc.Async.AsyncResultWrapper.WrappedAsyncResultBase`1.End()
   at System.Web.Mvc.Controller.EndExecuteCore(IAsyncResult asyncResult)
   at System.Web.Mvc.Controller.<BeginExecute>b__15(IAsyncResult asyncResult, Controller controller)
   at System.Web.Mvc.Async.AsyncResultWrapper.WrappedAsyncVoid`1.CallEndDelegate(IAsyncResult asyncResult)
   at System.Web.Mvc.Async.AsyncResultWrapper.WrappedAsyncResultBase`1.End()
   at System.Web.Mvc.Controller.EndExecute(IAsyncResult asyncResult)
   at System.Web.Mvc.Controller.System.Web.Mvc.Async.IAsyncController.EndExecute(IAsyncResult asyncResult)
   at System.Web.Mvc.MvcHandler.<BeginProcessRequest>b__5(IAsyncResult asyncResult, ProcessRequestState innerState)
   at System.Web.Mvc.Async.AsyncResultWrapper.WrappedAsyncVoid`1.CallEndDelegate(IAsyncResult asyncResult)
   at System.Web.Mvc.Async.AsyncResultWrapper.WrappedAsyncResultBase`1.End()
   at System.Web.Mvc.MvcHandler.EndProcessRequest(IAsyncResult asyncResult)
   at System.Web.Mvc.MvcHandler.System.Web.IHttpAsyncHandler.EndProcessRequest(IAsyncResult result)
   at System.Web.HttpApplication.CallHandlerExecutionStep.System.Web.HttpApplication.IExecutionStep.Execute()
   at System.Web.HttpApplication.ExecuteStep(IExecutionStep step, Boolean& completedSynchronously)
 2017-08-22 13:15:20,958 [P4824/D4/T45] INFO  Umbraco.Core.PluginManager - Resolving umbraco.interfaces.IDiscoverable
 2017-08-22 13:15:20,961 [P4824/D4/T45] INFO  Umbraco.Core.PluginManager - Resolved umbraco.interfaces.IDiscoverable (took 3ms)
 2017-08-22 13:15:20,962 [P4824/D4/T45] INFO  Umbraco.Core.PluginManager - Resolving Umbraco.Core.PropertyEditors.IParameterEditor
 2017-08-22 13:15:20,962 [P4824/D4/T45] INFO  Umbraco.Core.PluginManager - Resolved Umbraco.Core.PropertyEditors.IParameterEditor (took 0ms)
 2017-08-22 13:15:21,116 [P4824/D4/T45] INFO  Umbraco.Core.PluginManager - Resolving umbraco.interfaces.IDiscoverable
 2017-08-22 13:15:21,117 [P4824/D4/T45] INFO  Umbraco.Core.PluginManager - Resolved umbraco.interfaces.IDiscoverable (took 0ms)
 2017-08-22 13:15:21,117 [P4824/D4/T45] INFO  Umbraco.Core.PluginManager - Resolving umbraco.cms.businesslogic.macro.IMacroEngine
 2017-08-22 13:15:21,131 [P4824/D4/T45] INFO  Umbraco.Core.PluginManager - Resolved umbraco.cms.businesslogic.macro.IMacroEngine (took 14ms)
 2017-08-22 14:45:16,144 [P4824/D4/T65] INFO  Umbraco.Core.PluginManager - Resolving umbraco.interfaces.IDiscoverable
 2017-08-22 14:45:16,145 [P4824/D4/T65] INFO  Umbraco.Core.PluginManager - Resolved umbraco.interfaces.IDiscoverable (took 1ms)
 2017-08-22 14:45:16,145 [P4824/D4/T65] INFO  Umbraco.Core.PluginManager - Resolving umbraco.interfaces.IAction
 2017-08-22 14:45:16,159 [P4824/D4/T65] INFO  Umbraco.Core.PluginManager - Resolved umbraco.interfaces.IAction (took 13ms)
 2017-08-22 14:45:45,717 [P4824/D4/T96] INFO  Umbraco.Core.Security.BackOfficeSignInManager - Event Id: 0, state: Login attempt succeeded for username sorenhermod@gmail.com from IP address ::1
 2017-08-22 14:45:45,720 [P4824/D4/T96] INFO  Umbraco.Core.Security.BackOfficeSignInManager - Event Id: 0, state: User: sorenhermod@gmail.com logged in from IP address ::1
 2017-08-22 14:45:46,140 [P4824/D4/T65] INFO  Umbraco.Core.PluginManager - Resolving umbraco.interfaces.IDiscoverable
 2017-08-22 14:45:46,140 [P4824/D4/T65] INFO  Umbraco.Core.PluginManager - Resolved umbraco.interfaces.IDiscoverable (took 0ms)
 2017-08-22 14:45:46,140 [P4824/D4/T65] INFO  Umbraco.Core.PluginManager - Resolving [Umbraco.Web.Trees.TreeAttribute]Umbraco.Web.Trees.TreeController
 2017-08-22 14:45:46,141 [P4824/D4/T65] INFO  Umbraco.Core.PluginManager - Resolved [Umbraco.Web.Trees.TreeAttribute]Umbraco.Web.Trees.TreeController (took 0ms)
 2017-08-22 14:45:46,310 [P4824/D4/T104] INFO  Umbraco.Core.PluginManager - Resolving umbraco.interfaces.IDiscoverable
 2017-08-22 14:45:46,312 [P4824/D4/T104] INFO  Umbraco.Core.PluginManager - Resolved umbraco.interfaces.IDiscoverable (took 2ms)
 2017-08-22 14:45:46,314 [P4824/D4/T104] INFO  Umbraco.Core.PluginManager - Resolving [umbraco.businesslogic.ApplicationAttribute]umbraco.interfaces.IApplication
 2017-08-22 14:45:46,316 [P4824/D4/T104] INFO  Umbraco.Core.PluginManager - Resolved [umbraco.businesslogic.ApplicationAttribute]umbraco.interfaces.IApplication (took 1ms)
 2017-08-22 14:45:46,612 [P4824/D4/T104] INFO  Umbraco.Core.PluginManager - Resolving umbraco.interfaces.IDiscoverable
 2017-08-22 14:45:46,613 [P4824/D4/T104] INFO  Umbraco.Core.PluginManager - Resolved umbraco.interfaces.IDiscoverable (took 1ms)
 2017-08-22 14:45:46,614 [P4824/D4/T104] INFO  Umbraco.Core.PluginManager - Resolving umbraco.interfaces.ITree
 2017-08-22 14:45:46,615 [P4824/D4/T104] INFO  Umbraco.Core.PluginManager - Resolved umbraco.interfaces.ITree (took 1ms)
 2017-08-22 14:45:46,681 [P4824/D4/T104] INFO  Umbraco.Core.PluginManager - Resolving umbraco.interfaces.IDiscoverable
 2017-08-22 14:45:46,682 [P4824/D4/T104] INFO  Umbraco.Core.PluginManager - Resolved umbraco.interfaces.IDiscoverable (took 0ms)
 2017-08-22 14:45:46,682 [P4824/D4/T104] INFO  Umbraco.Core.PluginManager - Resolving [Umbraco.Web.Trees.TreeAttribute]Umbraco.Web.Trees.TreeController
 2017-08-22 14:45:46,683 [P4824/D4/T104] INFO  Umbraco.Core.PluginManager - Resolved [Umbraco.Web.Trees.TreeAttribute]Umbraco.Web.Trees.TreeController (took 0ms)
 2017-08-22 14:45:46,693 [P4824/D4/T104] INFO  Umbraco.Core.PluginManager - Resolving umbraco.interfaces.IDiscoverable
 2017-08-22 14:45:46,694 [P4824/D4/T104] INFO  Umbraco.Core.PluginManager - Resolved umbraco.interfaces.IDiscoverable (took 0ms)
 2017-08-22 14:45:46,694 [P4824/D4/T104] INFO  Umbraco.Core.PluginManager - Resolving [umbraco.businesslogic.TreeAttribute]umbraco.interfaces.ITree
 2017-08-22 14:45:46,695 [P4824/D4/T104] INFO  Umbraco.Core.PluginManager - Resolved [umbraco.businesslogic.TreeAttribute]umbraco.interfaces.ITree (took 0ms)
 2017-08-22 14:45:51,061 [P4824/D4/T98] INFO  Umbraco.Core.PluginManager - Resolving umbraco.interfaces.IDiscoverable
 2017-08-22 14:45:51,061 [P4824/D4/T98] INFO  Umbraco.Core.PluginManager - Resolved umbraco.interfaces.IDiscoverable (took 0ms)
 2017-08-22 14:45:51,062 [P4824/D4/T98] INFO  Umbraco.Core.PluginManager - Resolving Umbraco.Core.Deploy.IServiceConnector
 2017-08-22 14:45:51,062 [P4824/D4/T98] INFO  Umbraco.Core.PluginManager - Resolved Umbraco.Core.Deploy.IServiceConnector (took 0ms)
 2017-08-22 14:46:00,397 [P4824/D4/T96] WARN  Umbraco.Web.Models.Mapping.PreValueDisplayResolver - Could not find persisted pre-value for field maxChars
 2017-08-22 14:46:16,050 [P4824/D4/T41] WARN  Umbraco.Web.Models.Mapping.PreValueDisplayResolver - Could not find persisted pre-value for field maxChars
 2017-08-22 14:46:21,771 [P4824/D4/T65] INFO  Umbraco.Core.PluginManager - Resolving umbraco.interfaces.IDiscoverable
 2017-08-22 14:46:21,771 [P4824/D4/T65] INFO  Umbraco.Core.PluginManager - Resolved umbraco.interfaces.IDiscoverable (took 0ms)
 2017-08-22 14:46:21,772 [P4824/D4/T65] INFO  Umbraco.Core.PluginManager - Resolving Umbraco.Web.Editors.IEditorValidator
 2017-08-22 14:46:21,804 [P4824/D4/T65] INFO  Umbraco.Core.PluginManager - Resolved Umbraco.Web.Editors.IEditorValidator (took 32ms)
 2017-08-22 14:46:22,241 [P4824/D4/T65] INFO  Umbraco.Core.PluginManager - Resolving umbraco.interfaces.IDiscoverable
 2017-08-22 14:46:22,241 [P4824/D4/T65] INFO  Umbraco.Core.PluginManager - Resolved umbraco.interfaces.IDiscoverable (took 0ms)
 2017-08-22 14:46:22,242 [P4824/D4/T65] INFO  Umbraco.Core.PluginManager - Resolving umbraco.interfaces.ICacheRefresher
 2017-08-22 14:46:22,243 [P4824/D4/T65] INFO  Umbraco.Core.PluginManager - Resolved umbraco.interfaces.ICacheRefresher (took 0ms)
 2017-08-22 14:47:02,739 [P4824/D4/T60] INFO  Umbraco.Core.Publishing.PublishingStrategy - Content 'Slide1' with Id '1154' has been published.
 2017-08-22 14:47:07,463 [P4824/D4/T65] INFO  umbraco.content - Save Xml to file...
 2017-08-22 14:47:07,498 [P4824/D4/T65] INFO  umbraco.content - Saved Xml to file.
 2017-08-22 14:47:22,644 [P4824/D4/T104] INFO  Umbraco.Core.Publishing.PublishingStrategy - Content 'Slide2' with Id '1155' has been published.
 2017-08-22 14:47:27,055 [P4824/D4/T65] INFO  umbraco.content - Save Xml to file...
 2017-08-22 14:47:27,078 [P4824/D4/T65] INFO  umbraco.content - Saved Xml to file.
 2017-08-22 14:48:36,689 [P4824/D4/T64] INFO  Umbraco.Core.Publishing.PublishingStrategy - Content 'Slide3' with Id '1156' has been published.
 2017-08-22 14:48:41,042 [P4824/D4/T116] INFO  umbraco.content - Save Xml to file...
 2017-08-22 14:48:41,061 [P4824/D4/T116] INFO  umbraco.content - Saved Xml to file.
 2017-08-22 14:48:49,866 [P4824/D4/T60] INFO  Umbraco.Core.Publishing.PublishingStrategy - Content 'Slide4' with Id '1157' has been published.
 2017-08-22 14:48:54,294 [P4824/D4/T116] INFO  umbraco.content - Save Xml to file...
 2017-08-22 14:48:54,327 [P4824/D4/T116] INFO  umbraco.content - Saved Xml to file.
 2017-08-22 14:48:58,584 [P4824/D4/T64] INFO  umbraco.BusinessLogic.Log - Log scrubbed.  Removed all items older than 2017-08-21 14:48:58
